2021-06-16 20:07:37,231 [Worker-5: Loading available Gradle versions] INFO  o.e.b.c.i.u.g.PublishedGradleVersions - Gradle version information cache is up-to-date. Trying to read.
2021-06-16 20:10:12,667 [Worker-7: Import Getting Started Content] INFO  o.e.m.c.i.l.LifecycleMappingFactory - Using org.maven.ide.eclipse.wtp.WarLifecycleMapping lifecycle mapping for MavenProject: com.counter:counter:0.0.1-SNAPSHOT @ C:\Users\BisanCo\Desktop\java\springAssi\counter\counter\pom.xml.
2021-06-16 20:10:24,973 [Worker-7: Import Getting Started Content] INFO  o.e.m.j.i.AbstractJavaProjectConfigurator - Adding source folder /counter/src/main/java
2021-06-16 20:10:24,975 [Worker-7: Import Getting Started Content] INFO  o.e.m.j.i.AbstractJavaProjectConfigurator - Adding resource folder /counter/src/main/resources
2021-06-16 20:10:25,016 [Worker-7: Import Getting Started Content] INFO  o.e.m.j.i.AbstractJavaProjectConfigurator - Adding resource folder /counter/src/main/resources
2021-06-16 20:10:25,039 [Worker-7: Import Getting Started Content] INFO  o.e.m.j.i.AbstractJavaProjectConfigurator - Adding source folder /counter/src/test/java
2021-06-16 20:10:32,784 [Worker-7: Import Getting Started Content] INFO  o.e.m.c.i.p.ProjectConfigurationManager - Imported and configured 1 project(s) in 32 sec
2021-06-16 20:10:32,791 [Worker-7: Import Getting Started Content] INFO  o.e.m.c.i.p.ProjectConfigurationManager - Update started
2021-06-16 20:10:34,096 [Worker-7: Import Getting Started Content] INFO  o.e.m.c.i.l.LifecycleMappingFactory - Using org.maven.ide.eclipse.wtp.WarLifecycleMapping lifecycle mapping for MavenProject: com.counter:counter:0.0.1-SNAPSHOT @ C:\Users\BisanCo\Desktop\java\springAssi\counter\counter\pom.xml.
2021-06-16 20:10:36,552 [Worker-7: Import Getting Started Content] INFO  o.e.m.j.i.AbstractJavaProjectConfigurator - Adding source folder /counter/src/main/java
2021-06-16 20:10:36,553 [Worker-7: Import Getting Started Content] INFO  o.e.m.j.i.AbstractJavaProjectConfigurator - Adding resource folder /counter/src/main/resources
2021-06-16 20:10:36,555 [Worker-7: Import Getting Started Content] INFO  o.e.m.j.i.AbstractJavaProjectConfigurator - Adding resource folder /counter/src/main/resources
2021-06-16 20:10:36,556 [Worker-7: Import Getting Started Content] INFO  o.e.m.j.i.AbstractJavaProjectConfigurator - Adding source folder /counter/src/test/java
2021-06-16 20:10:38,511 [Worker-7: Import Getting Started Content] INFO  o.e.m.w.i.f.ResourceFilteringBuildParticipant - Cleaning filtered folder for counter
2021-06-16 20:10:38,525 [Worker-7: Import Getting Started Content] INFO  o.e.m.c.i.p.ProjectConfigurationManager - Update completed: 5 sec
2021-06-16 20:10:41,630 [Worker-14: Building] INFO  o.e.m.c.i.embedder.EclipseLogger - Using 'UTF-8' encoding to copy filtered resources.
2021-06-16 20:10:41,630 [Worker-14: Building] INFO  o.e.m.c.i.embedder.EclipseLogger - Using 'UTF-8' encoding to copy filtered properties files.
2021-06-16 20:10:41,643 [Worker-14: Building] INFO  o.e.m.c.i.embedder.EclipseLogger - Copying 1 resource
2021-06-16 20:10:41,693 [Worker-14: Building] INFO  o.e.m.c.i.embedder.EclipseLogger - Copying 0 resource
2021-06-16 20:10:41,701 [Worker-14: Building] INFO  o.e.m.c.i.embedder.EclipseLogger - Using 'UTF-8' encoding to copy filtered resources.
2021-06-16 20:10:41,702 [Worker-14: Building] INFO  o.e.m.c.i.embedder.EclipseLogger - Using 'UTF-8' encoding to copy filtered properties files.
2021-06-16 20:10:41,702 [Worker-14: Building] INFO  o.e.m.c.i.embedder.EclipseLogger - skip non existing resourceDirectory C:\Users\BisanCo\Desktop\java\springAssi\counter\counter\src\test\resources
2021-06-16 20:10:41,703 [Worker-14: Building] INFO  o.e.m.w.i.f.ResourceFilteringBuildParticipant - Changed resources require a complete clean of filtered resources of counter
2021-06-16 20:10:41,706 [Worker-14: Building] INFO  o.e.m.w.i.f.ResourceFilteringBuildParticipant - Executing resource filtering for counter
2021-06-16 20:10:41,717 [Worker-14: Building] INFO  o.e.m.c.i.embedder.EclipseLogger - Using 'UTF-8' encoding to copy filtered resources.
2021-06-16 20:10:41,718 [Worker-14: Building] INFO  o.e.m.c.i.embedder.EclipseLogger - Using 'UTF-8' encoding to copy filtered properties files.
2021-06-16 20:12:41,000 [Worker-8: Building] INFO  o.e.m.c.i.embedder.EclipseLogger - Using 'UTF-8' encoding to copy filtered resources.
2021-06-16 20:12:41,000 [Worker-8: Building] INFO  o.e.m.c.i.embedder.EclipseLogger - Using 'UTF-8' encoding to copy filtered properties files.
2021-06-16 20:12:41,008 [Worker-8: Building] INFO  o.e.m.c.i.embedder.EclipseLogger - Copying 0 resource
2021-06-16 20:12:41,008 [Worker-8: Building] INFO  o.e.m.c.i.embedder.EclipseLogger - Copying 0 resource
2021-06-16 20:12:41,014 [Worker-8: Building] INFO  o.e.m.c.i.embedder.EclipseLogger - Using 'UTF-8' encoding to copy filtered resources.
2021-06-16 20:12:41,014 [Worker-8: Building] INFO  o.e.m.c.i.embedder.EclipseLogger - Using 'UTF-8' encoding to copy filtered properties files.
2021-06-16 20:12:41,014 [Worker-8: Building] INFO  o.e.m.c.i.embedder.EclipseLogger - skip non existing resourceDirectory C:\Users\BisanCo\Desktop\java\springAssi\counter\counter\src\test\resources
2021-06-16 20:12:55,598 [Worker-10: Building] INFO  o.e.m.c.i.embedder.EclipseLogger - Using 'UTF-8' encoding to copy filtered resources.
2021-06-16 20:12:55,599 [Worker-10: Building] INFO  o.e.m.c.i.embedder.EclipseLogger - Using 'UTF-8' encoding to copy filtered properties files.
2021-06-16 20:12:55,600 [Worker-10: Building] INFO  o.e.m.c.i.embedder.EclipseLogger - Copying 0 resource
2021-06-16 20:12:55,601 [Worker-10: Building] INFO  o.e.m.c.i.embedder.EclipseLogger - Copying 0 resource
2021-06-16 20:12:55,607 [Worker-10: Building] INFO  o.e.m.c.i.embedder.EclipseLogger - Using 'UTF-8' encoding to copy filtered resources.
2021-06-16 20:12:55,607 [Worker-10: Building] INFO  o.e.m.c.i.embedder.EclipseLogger - Using 'UTF-8' encoding to copy filtered properties files.
2021-06-16 20:12:55,607 [Worker-10: Building] INFO  o.e.m.c.i.embedder.EclipseLogger - skip non existing resourceDirectory C:\Users\BisanCo\Desktop\java\springAssi\counter\counter\src\test\resources
2021-06-16 20:13:04,768 [Worker-13: Building] INFO  o.e.m.c.i.embedder.EclipseLogger - Using 'UTF-8' encoding to copy filtered resources.
2021-06-16 20:13:04,769 [Worker-13: Building] INFO  o.e.m.c.i.embedder.EclipseLogger - Using 'UTF-8' encoding to copy filtered properties files.
2021-06-16 20:13:04,769 [Worker-13: Building] INFO  o.e.m.c.i.embedder.EclipseLogger - Copying 0 resource
2021-06-16 20:13:04,770 [Worker-13: Building] INFO  o.e.m.c.i.embedder.EclipseLogger - Copying 0 resource
2021-06-16 20:13:04,778 [Worker-13: Building] INFO  o.e.m.c.i.embedder.EclipseLogger - Using 'UTF-8' encoding to copy filtered resources.
2021-06-16 20:13:04,778 [Worker-13: Building] INFO  o.e.m.c.i.embedder.EclipseLogger - Using 'UTF-8' encoding to copy filtered properties files.
2021-06-16 20:13:04,778 [Worker-13: Building] INFO  o.e.m.c.i.embedder.EclipseLogger - skip non existing resourceDirectory C:\Users\BisanCo\Desktop\java\springAssi\counter\counter\src\test\resources
2021-06-16 20:13:32,088 [Worker-12: Building] INFO  o.e.m.c.i.embedder.EclipseLogger - Using 'UTF-8' encoding to copy filtered resources.
2021-06-16 20:13:32,089 [Worker-12: Building] INFO  o.e.m.c.i.embedder.EclipseLogger - Using 'UTF-8' encoding to copy filtered properties files.
2021-06-16 20:13:32,089 [Worker-12: Building] INFO  o.e.m.c.i.embedder.EclipseLogger - Copying 0 resource
2021-06-16 20:13:32,090 [Worker-12: Building] INFO  o.e.m.c.i.embedder.EclipseLogger - Copying 0 resource
2021-06-16 20:13:32,095 [Worker-12: Building] INFO  o.e.m.c.i.embedder.EclipseLogger - Using 'UTF-8' encoding to copy filtered resources.
2021-06-16 20:13:32,095 [Worker-12: Building] INFO  o.e.m.c.i.embedder.EclipseLogger - Using 'UTF-8' encoding to copy filtered properties files.
2021-06-16 20:13:32,095 [Worker-12: Building] INFO  o.e.m.c.i.embedder.EclipseLogger - skip non existing resourceDirectory C:\Users\BisanCo\Desktop\java\springAssi\counter\counter\src\test\resources
2021-06-16 20:14:58,220 [Worker-8: Building] INFO  o.e.m.c.i.embedder.EclipseLogger - Using 'UTF-8' encoding to copy filtered resources.
2021-06-16 20:14:58,221 [Worker-8: Building] INFO  o.e.m.c.i.embedder.EclipseLogger - Using 'UTF-8' encoding to copy filtered properties files.
2021-06-16 20:14:58,226 [Worker-8: Building] INFO  o.e.m.c.i.embedder.EclipseLogger - Copying 1 resource
2021-06-16 20:14:58,269 [Worker-8: Building] INFO  o.e.m.c.i.embedder.EclipseLogger - Copying 0 resource
2021-06-16 20:14:58,276 [Worker-8: Building] INFO  o.e.m.c.i.embedder.EclipseLogger - Using 'UTF-8' encoding to copy filtered resources.
2021-06-16 20:14:58,276 [Worker-8: Building] INFO  o.e.m.c.i.embedder.EclipseLogger - Using 'UTF-8' encoding to copy filtered properties files.
2021-06-16 20:14:58,276 [Worker-8: Building] INFO  o.e.m.c.i.embedder.EclipseLogger - skip non existing resourceDirectory C:\Users\BisanCo\Desktop\java\springAssi\counter\counter\src\test\resources
2021-06-16 20:15:53,862 [Start Help Server] INFO  org.eclipse.jetty.util.log - Logging initialized @637166ms to org.eclipse.jetty.util.log.Slf4jLog
2021-06-16 20:15:54,108 [Start Help Server] INFO  org.eclipse.jetty.server.Server - jetty-9.4.37.v20210219; built: 2021-02-23T06:49:41.320Z; git: 27afab2bd37780d179836e313e0fe11bc4fa0ce9; jvm 15.0.2+7-27
2021-06-16 20:15:54,135 [Start Help Server] INFO  org.eclipse.jetty.server.session - DefaultSessionIdManager workerName=node0
2021-06-16 20:15:54,136 [Start Help Server] INFO  org.eclipse.jetty.server.session - No SessionScavenger set, using defaults
2021-06-16 20:15:54,138 [Start Help Server] INFO  org.eclipse.jetty.server.session - node0 Scavenging every 660000ms
2021-06-16 20:15:54,189 [Start Help Server] INFO  o.e.j.server.handler.ContextHandler - Started o.e.j.s.ServletContextHandler@64f9a7a2{/help,null,AVAILABLE}
2021-06-16 20:15:54,225 [Start Help Server] INFO  o.e.jetty.server.AbstractConnector - Started ServerConnector@ee0c03b{HTTP/1.1, (http/1.1)}{127.0.0.1:50895}
2021-06-16 20:15:54,226 [Start Help Server] INFO  org.eclipse.jetty.server.Server - Started @637531ms
2021-06-16 20:15:54,226 [Start Help Server] INFO  org.eclipse.jetty.server.session - node0 Scavenging every 726000ms
2021-06-16 20:25:53,154 [Worker-19: Launching New_configuration] INFO  o.e.m.c.i.l.LifecycleMappingFactory - Using org.maven.ide.eclipse.wtp.WarLifecycleMapping lifecycle mapping for MavenProject: com.counter:counter:0.0.1-SNAPSHOT @ C:\Users\BisanCo\Desktop\java\springAssi\counter\counter\pom.xml.
2021-06-16 20:25:55,305 [Worker-19: Launching New_configuration] INFO  o.e.m.c.i.embedder.EclipseLogger - Using 'UTF-8' encoding to copy filtered resources.
2021-06-16 20:25:55,305 [Worker-19: Launching New_configuration] INFO  o.e.m.c.i.embedder.EclipseLogger - Using 'UTF-8' encoding to copy filtered properties files.
2021-06-16 20:25:55,309 [Worker-19: Launching New_configuration] INFO  o.e.m.c.i.embedder.EclipseLogger - Copying 1 resource
2021-06-16 20:25:55,351 [Worker-19: Launching New_configuration] INFO  o.e.m.c.i.embedder.EclipseLogger - Copying 0 resource
2021-06-16 20:25:55,356 [Worker-19: Launching New_configuration] INFO  o.e.m.c.i.embedder.EclipseLogger - Using 'UTF-8' encoding to copy filtered resources.
2021-06-16 20:25:55,357 [Worker-19: Launching New_configuration] INFO  o.e.m.c.i.embedder.EclipseLogger - Using 'UTF-8' encoding to copy filtered properties files.
2021-06-16 20:25:55,357 [Worker-19: Launching New_configuration] INFO  o.e.m.c.i.embedder.EclipseLogger - skip non existing resourceDirectory C:\Users\BisanCo\Desktop\java\springAssi\counter\counter\src\test\resources
2021-06-16 20:25:55,456 [Worker-19: Launching New_configuration] INFO  o.e.m.w.i.f.ResourceFilteringBuildParticipant - Changed resources require a complete clean of filtered resources of counter
2021-06-16 20:25:55,456 [Worker-19: Launching New_configuration] INFO  o.e.m.w.i.f.ResourceFilteringBuildParticipant - Executing resource filtering for counter
2021-06-16 20:25:55,464 [Worker-19: Launching New_configuration] INFO  o.e.m.c.i.embedder.EclipseLogger - Using 'UTF-8' encoding to copy filtered resources.
2021-06-16 20:25:55,464 [Worker-19: Launching New_configuration] INFO  o.e.m.c.i.embedder.EclipseLogger - Using 'UTF-8' encoding to copy filtered properties files.
2021-06-16 20:26:13,888 [Worker-21: Launching New_configuration] INFO  o.e.m.c.i.embedder.EclipseLogger - Using 'UTF-8' encoding to copy filtered resources.
2021-06-16 20:26:13,889 [Worker-21: Launching New_configuration] INFO  o.e.m.c.i.embedder.EclipseLogger - Using 'UTF-8' encoding to copy filtered properties files.
2021-06-16 20:26:13,891 [Worker-21: Launching New_configuration] INFO  o.e.m.c.i.embedder.EclipseLogger - Copying 1 resource
2021-06-16 20:26:13,896 [Worker-21: Launching New_configuration] INFO  o.e.m.c.i.embedder.EclipseLogger - Copying 0 resource
2021-06-16 20:26:13,899 [Worker-21: Launching New_configuration] INFO  o.e.m.c.i.embedder.EclipseLogger - Using 'UTF-8' encoding to copy filtered resources.
2021-06-16 20:26:13,900 [Worker-21: Launching New_configuration] INFO  o.e.m.c.i.embedder.EclipseLogger - Using 'UTF-8' encoding to copy filtered properties files.
2021-06-16 20:26:13,900 [Worker-21: Launching New_configuration] INFO  o.e.m.c.i.embedder.EclipseLogger - skip non existing resourceDirectory C:\Users\BisanCo\Desktop\java\springAssi\counter\counter\src\test\resources
2021-06-16 20:32:21,405 [Worker-27: Launching counter - CounterApplication] INFO  o.e.m.c.i.embedder.EclipseLogger - Using 'UTF-8' encoding to copy filtered resources.
2021-06-16 20:32:21,405 [Worker-27: Launching counter - CounterApplication] INFO  o.e.m.c.i.embedder.EclipseLogger - Using 'UTF-8' encoding to copy filtered properties files.
2021-06-16 20:32:21,407 [Worker-27: Launching counter - CounterApplication] INFO  o.e.m.c.i.embedder.EclipseLogger - Copying 1 resource
2021-06-16 20:32:21,450 [Worker-27: Launching counter - CounterApplication] INFO  o.e.m.c.i.embedder.EclipseLogger - Copying 0 resource
2021-06-16 20:32:21,456 [Worker-27: Launching counter - CounterApplication] INFO  o.e.m.c.i.embedder.EclipseLogger - Using 'UTF-8' encoding to copy filtered resources.
2021-06-16 20:32:21,457 [Worker-27: Launching counter - CounterApplication] INFO  o.e.m.c.i.embedder.EclipseLogger - Using 'UTF-8' encoding to copy filtered properties files.
2021-06-16 20:32:21,457 [Worker-27: Launching counter - CounterApplication] INFO  o.e.m.c.i.embedder.EclipseLogger - skip non existing resourceDirectory C:\Users\BisanCo\Desktop\java\springAssi\counter\counter\src\test\resources
2021-06-16 20:34:06,152 [Worker-16: Launching counter - CounterApplication] INFO  o.e.m.c.i.embedder.EclipseLogger - Using 'UTF-8' encoding to copy filtered resources.
2021-06-16 20:34:06,153 [Worker-16: Launching counter - CounterApplication] INFO  o.e.m.c.i.embedder.EclipseLogger - Using 'UTF-8' encoding to copy filtered properties files.
2021-06-16 20:34:06,153 [Worker-16: Launching counter - CounterApplication] INFO  o.e.m.c.i.embedder.EclipseLogger - Copying 0 resource
2021-06-16 20:34:06,153 [Worker-16: Launching counter - CounterApplication] INFO  o.e.m.c.i.embedder.EclipseLogger - Copying 0 resource
2021-06-16 20:34:06,156 [Worker-16: Launching counter - CounterApplication] INFO  o.e.m.c.i.embedder.EclipseLogger - Using 'UTF-8' encoding to copy filtered resources.
2021-06-16 20:34:06,156 [Worker-16: Launching counter - CounterApplication] INFO  o.e.m.c.i.embedder.EclipseLogger - Using 'UTF-8' encoding to copy filtered properties files.
2021-06-16 20:34:06,156 [Worker-16: Launching counter - CounterApplication] INFO  o.e.m.c.i.embedder.EclipseLogger - skip non existing resourceDirectory C:\Users\BisanCo\Desktop\java\springAssi\counter\counter\src\test\resources
2021-06-16 20:36:19,051 [Worker-27: Building] INFO  o.e.m.c.i.embedder.EclipseLogger - Using 'UTF-8' encoding to copy filtered resources.
2021-06-16 20:36:19,052 [Worker-27: Building] INFO  o.e.m.c.i.embedder.EclipseLogger - Using 'UTF-8' encoding to copy filtered properties files.
2021-06-16 20:36:19,053 [Worker-27: Building] INFO  o.e.m.c.i.embedder.EclipseLogger - Copying 0 resource
2021-06-16 20:36:19,054 [Worker-27: Building] INFO  o.e.m.c.i.embedder.EclipseLogger - Copying 0 resource
2021-06-16 20:36:19,059 [Worker-27: Building] INFO  o.e.m.c.i.embedder.EclipseLogger - Using 'UTF-8' encoding to copy filtered resources.
2021-06-16 20:36:19,059 [Worker-27: Building] INFO  o.e.m.c.i.embedder.EclipseLogger - Using 'UTF-8' encoding to copy filtered properties files.
2021-06-16 20:36:19,060 [Worker-27: Building] INFO  o.e.m.c.i.embedder.EclipseLogger - skip non existing resourceDirectory C:\Users\BisanCo\Desktop\java\springAssi\counter\counter\src\test\resources
2021-06-16 20:37:34,861 [Worker-30: Launching counter - CounterApplication] INFO  o.e.m.c.i.embedder.EclipseLogger - Using 'UTF-8' encoding to copy filtered resources.
2021-06-16 20:37:34,862 [Worker-30: Launching counter - CounterApplication] INFO  o.e.m.c.i.embedder.EclipseLogger - Using 'UTF-8' encoding to copy filtered properties files.
2021-06-16 20:37:34,863 [Worker-30: Launching counter - CounterApplication] INFO  o.e.m.c.i.embedder.EclipseLogger - Copying 0 resource
2021-06-16 20:37:34,863 [Worker-30: Launching counter - CounterApplication] INFO  o.e.m.c.i.embedder.EclipseLogger - Copying 0 resource
2021-06-16 20:37:34,868 [Worker-30: Launching counter - CounterApplication] INFO  o.e.m.c.i.embedder.EclipseLogger - Using 'UTF-8' encoding to copy filtered resources.
2021-06-16 20:37:34,869 [Worker-30: Launching counter - CounterApplication] INFO  o.e.m.c.i.embedder.EclipseLogger - Using 'UTF-8' encoding to copy filtered properties files.
2021-06-16 20:37:34,869 [Worker-30: Launching counter - CounterApplication] INFO  o.e.m.c.i.embedder.EclipseLogger - skip non existing resourceDirectory C:\Users\BisanCo\Desktop\java\springAssi\counter\counter\src\test\resources
2021-06-16 20:51:44,172 [Worker-27: Launching counter - CounterApplication] INFO  o.e.m.c.i.embedder.EclipseLogger - Using 'UTF-8' encoding to copy filtered resources.
2021-06-16 20:51:44,173 [Worker-27: Launching counter - CounterApplication] INFO  o.e.m.c.i.embedder.EclipseLogger - Using 'UTF-8' encoding to copy filtered properties files.
2021-06-16 20:51:44,174 [Worker-27: Launching counter - CounterApplication] INFO  o.e.m.c.i.embedder.EclipseLogger - Copying 1 resource
2021-06-16 20:51:44,212 [Worker-27: Launching counter - CounterApplication] INFO  o.e.m.c.i.embedder.EclipseLogger - Copying 0 resource
2021-06-16 20:51:44,215 [Worker-27: Launching counter - CounterApplication] INFO  o.e.m.c.i.embedder.EclipseLogger - Using 'UTF-8' encoding to copy filtered resources.
2021-06-16 20:51:44,216 [Worker-27: Launching counter - CounterApplication] INFO  o.e.m.c.i.embedder.EclipseLogger - Using 'UTF-8' encoding to copy filtered properties files.
2021-06-16 20:51:44,216 [Worker-27: Launching counter - CounterApplication] INFO  o.e.m.c.i.embedder.EclipseLogger - skip non existing resourceDirectory C:\Users\BisanCo\Desktop\java\springAssi\counter\counter\src\test\resources
2021-06-16 21:00:21,720 [Worker-35: Launching counter - CounterApplication] INFO  o.e.m.c.i.embedder.EclipseLogger - Using 'UTF-8' encoding to copy filtered resources.
2021-06-16 21:00:21,720 [Worker-35: Launching counter - CounterApplication] INFO  o.e.m.c.i.embedder.EclipseLogger - Using 'UTF-8' encoding to copy filtered properties files.
2021-06-16 21:00:21,722 [Worker-35: Launching counter - CounterApplication] INFO  o.e.m.c.i.embedder.EclipseLogger - Copying 1 resource
2021-06-16 21:00:21,744 [Worker-35: Launching counter - CounterApplication] INFO  o.e.m.c.i.embedder.EclipseLogger - Copying 0 resource
2021-06-16 21:00:21,749 [Worker-35: Launching counter - CounterApplication] INFO  o.e.m.c.i.embedder.EclipseLogger - Using 'UTF-8' encoding to copy filtered resources.
2021-06-16 21:00:21,749 [Worker-35: Launching counter - CounterApplication] INFO  o.e.m.c.i.embedder.EclipseLogger - Using 'UTF-8' encoding to copy filtered properties files.
2021-06-16 21:00:21,749 [Worker-35: Launching counter - CounterApplication] INFO  o.e.m.c.i.embedder.EclipseLogger - skip non existing resourceDirectory C:\Users\BisanCo\Desktop\java\springAssi\counter\counter\src\test\resources
2021-06-16 21:02:24,901 [Worker-52: Launching counter - CounterApplication] INFO  o.e.m.c.i.embedder.EclipseLogger - Using 'UTF-8' encoding to copy filtered resources.
2021-06-16 21:02:24,901 [Worker-52: Launching counter - CounterApplication] INFO  o.e.m.c.i.embedder.EclipseLogger - Using 'UTF-8' encoding to copy filtered properties files.
2021-06-16 21:02:24,903 [Worker-52: Launching counter - CounterApplication] INFO  o.e.m.c.i.embedder.EclipseLogger - Copying 1 resource
2021-06-16 21:02:24,919 [Worker-52: Launching counter - CounterApplication] INFO  o.e.m.c.i.embedder.EclipseLogger - Copying 0 resource
2021-06-16 21:02:24,924 [Worker-52: Launching counter - CounterApplication] INFO  o.e.m.c.i.embedder.EclipseLogger - Using 'UTF-8' encoding to copy filtered resources.
2021-06-16 21:02:24,924 [Worker-52: Launching counter - CounterApplication] INFO  o.e.m.c.i.embedder.EclipseLogger - Using 'UTF-8' encoding to copy filtered properties files.
2021-06-16 21:02:24,925 [Worker-52: Launching counter - CounterApplication] INFO  o.e.m.c.i.embedder.EclipseLogger - skip non existing resourceDirectory C:\Users\BisanCo\Desktop\java\springAssi\counter\counter\src\test\resources
2021-06-16 21:05:38,271 [Worker-56: Launching counter - CounterApplication] INFO  o.e.m.c.i.embedder.EclipseLogger - Using 'UTF-8' encoding to copy filtered resources.
2021-06-16 21:05:38,271 [Worker-56: Launching counter - CounterApplication] INFO  o.e.m.c.i.embedder.EclipseLogger - Using 'UTF-8' encoding to copy filtered properties files.
2021-06-16 21:05:38,273 [Worker-56: Launching counter - CounterApplication] INFO  o.e.m.c.i.embedder.EclipseLogger - Copying 1 resource
2021-06-16 21:05:38,297 [Worker-56: Launching counter - CounterApplication] INFO  o.e.m.c.i.embedder.EclipseLogger - Copying 0 resource
2021-06-16 21:05:38,302 [Worker-56: Launching counter - CounterApplication] INFO  o.e.m.c.i.embedder.EclipseLogger - Using 'UTF-8' encoding to copy filtered resources.
2021-06-16 21:05:38,302 [Worker-56: Launching counter - CounterApplication] INFO  o.e.m.c.i.embedder.EclipseLogger - Using 'UTF-8' encoding to copy filtered properties files.
2021-06-16 21:05:38,303 [Worker-56: Launching counter - CounterApplication] INFO  o.e.m.c.i.embedder.EclipseLogger - skip non existing resourceDirectory C:\Users\BisanCo\Desktop\java\springAssi\counter\counter\src\test\resources
2021-06-16 21:10:39,632 [Worker-60: Launching counter - CounterApplication] INFO  o.e.m.c.i.embedder.EclipseLogger - Using 'UTF-8' encoding to copy filtered resources.
2021-06-16 21:10:39,632 [Worker-60: Launching counter - CounterApplication] INFO  o.e.m.c.i.embedder.EclipseLogger - Using 'UTF-8' encoding to copy filtered properties files.
2021-06-16 21:10:39,634 [Worker-60: Launching counter - CounterApplication] INFO  o.e.m.c.i.embedder.EclipseLogger - Copying 1 resource
2021-06-16 21:10:39,669 [Worker-60: Launching counter - CounterApplication] INFO  o.e.m.c.i.embedder.EclipseLogger - Copying 0 resource
2021-06-16 21:10:39,673 [Worker-60: Launching counter - CounterApplication] INFO  o.e.m.c.i.embedder.EclipseLogger - Using 'UTF-8' encoding to copy filtered resources.
2021-06-16 21:10:39,673 [Worker-60: Launching counter - CounterApplication] INFO  o.e.m.c.i.embedder.EclipseLogger - Using 'UTF-8' encoding to copy filtered properties files.
2021-06-16 21:10:39,673 [Worker-60: Launching counter - CounterApplication] INFO  o.e.m.c.i.embedder.EclipseLogger - skip non existing resourceDirectory C:\Users\BisanCo\Desktop\java\springAssi\counter\counter\src\test\resources
2021-06-16 21:14:13,729 [Worker-64: Launching counter - CounterApplication] INFO  o.e.m.c.i.embedder.EclipseLogger - Using 'UTF-8' encoding to copy filtered resources.
2021-06-16 21:14:13,729 [Worker-64: Launching counter - CounterApplication] INFO  o.e.m.c.i.embedder.EclipseLogger - Using 'UTF-8' encoding to copy filtered properties files.
2021-06-16 21:14:13,731 [Worker-64: Launching counter - CounterApplication] INFO  o.e.m.c.i.embedder.EclipseLogger - Copying 1 resource
2021-06-16 21:14:13,751 [Worker-64: Launching counter - CounterApplication] INFO  o.e.m.c.i.embedder.EclipseLogger - Copying 0 resource
2021-06-16 21:14:13,756 [Worker-64: Launching counter - CounterApplication] INFO  o.e.m.c.i.embedder.EclipseLogger - Using 'UTF-8' encoding to copy filtered resources.
2021-06-16 21:14:13,756 [Worker-64: Launching counter - CounterApplication] INFO  o.e.m.c.i.embedder.EclipseLogger - Using 'UTF-8' encoding to copy filtered properties files.
2021-06-16 21:14:13,756 [Worker-64: Launching counter - CounterApplication] INFO  o.e.m.c.i.embedder.EclipseLogger - skip non existing resourceDirectory C:\Users\BisanCo\Desktop\java\springAssi\counter\counter\src\test\resources
2021-06-16 21:17:09,038 [Worker-64: Launching counter - CounterApplication] INFO  o.e.m.c.i.embedder.EclipseLogger - Using 'UTF-8' encoding to copy filtered resources.
2021-06-16 21:17:09,038 [Worker-64: Launching counter - CounterApplication] INFO  o.e.m.c.i.embedder.EclipseLogger - Using 'UTF-8' encoding to copy filtered properties files.
2021-06-16 21:17:09,040 [Worker-64: Launching counter - CounterApplication] INFO  o.e.m.c.i.embedder.EclipseLogger - Copying 1 resource
2021-06-16 21:17:09,061 [Worker-64: Launching counter - CounterApplication] INFO  o.e.m.c.i.embedder.EclipseLogger - Copying 0 resource
2021-06-16 21:17:09,065 [Worker-64: Launching counter - CounterApplication] INFO  o.e.m.c.i.embedder.EclipseLogger - Using 'UTF-8' encoding to copy filtered resources.
2021-06-16 21:17:09,065 [Worker-64: Launching counter - CounterApplication] INFO  o.e.m.c.i.embedder.EclipseLogger - Using 'UTF-8' encoding to copy filtered properties files.
2021-06-16 21:17:09,065 [Worker-64: Launching counter - CounterApplication] INFO  o.e.m.c.i.embedder.EclipseLogger - skip non existing resourceDirectory C:\Users\BisanCo\Desktop\java\springAssi\counter\counter\src\test\resources
2021-06-16 21:21:24,972 [Worker-62: Launching counter - CounterApplication] INFO  o.e.m.c.i.embedder.EclipseLogger - Using 'UTF-8' encoding to copy filtered resources.
2021-06-16 21:21:24,973 [Worker-62: Launching counter - CounterApplication] INFO  o.e.m.c.i.embedder.EclipseLogger - Using 'UTF-8' encoding to copy filtered properties files.
2021-06-16 21:21:24,975 [Worker-62: Launching counter - CounterApplication] INFO  o.e.m.c.i.embedder.EclipseLogger - Copying 1 resource
2021-06-16 21:21:24,999 [Worker-62: Launching counter - CounterApplication] INFO  o.e.m.c.i.embedder.EclipseLogger - Copying 0 resource
2021-06-16 21:21:25,002 [Worker-62: Launching counter - CounterApplication] INFO  o.e.m.c.i.embedder.EclipseLogger - Using 'UTF-8' encoding to copy filtered resources.
2021-06-16 21:21:25,003 [Worker-62: Launching counter - CounterApplication] INFO  o.e.m.c.i.embedder.EclipseLogger - Using 'UTF-8' encoding to copy filtered properties files.
2021-06-16 21:21:25,004 [Worker-62: Launching counter - CounterApplication] INFO  o.e.m.c.i.embedder.EclipseLogger - skip non existing resourceDirectory C:\Users\BisanCo\Desktop\java\springAssi\counter\counter\src\test\resources
2021-06-16 21:23:52,333 [Worker-62: Launching counter - CounterApplication] INFO  o.e.m.c.i.embedder.EclipseLogger - Using 'UTF-8' encoding to copy filtered resources.
2021-06-16 21:23:52,333 [Worker-62: Launching counter - CounterApplication] INFO  o.e.m.c.i.embedder.EclipseLogger - Using 'UTF-8' encoding to copy filtered properties files.
2021-06-16 21:23:52,335 [Worker-62: Launching counter - CounterApplication] INFO  o.e.m.c.i.embedder.EclipseLogger - Copying 1 resource
2021-06-16 21:23:52,355 [Worker-62: Launching counter - CounterApplication] INFO  o.e.m.c.i.embedder.EclipseLogger - Copying 0 resource
2021-06-16 21:23:52,359 [Worker-62: Launching counter - CounterApplication] INFO  o.e.m.c.i.embedder.EclipseLogger - Using 'UTF-8' encoding to copy filtered resources.
2021-06-16 21:23:52,359 [Worker-62: Launching counter - CounterApplication] INFO  o.e.m.c.i.embedder.EclipseLogger - Using 'UTF-8' encoding to copy filtered properties files.
2021-06-16 21:23:52,359 [Worker-62: Launching counter - CounterApplication] INFO  o.e.m.c.i.embedder.EclipseLogger - skip non existing resourceDirectory C:\Users\BisanCo\Desktop\java\springAssi\counter\counter\src\test\resources
2021-06-16 21:24:50,199 [Worker-71: Building] INFO  o.e.m.c.i.embedder.EclipseLogger - Using 'UTF-8' encoding to copy filtered resources.
2021-06-16 21:24:50,199 [Worker-71: Building] INFO  o.e.m.c.i.embedder.EclipseLogger - Using 'UTF-8' encoding to copy filtered properties files.
2021-06-16 21:24:50,201 [Worker-71: Building] INFO  o.e.m.c.i.embedder.EclipseLogger - Copying 1 resource
2021-06-16 21:24:50,219 [Worker-71: Building] INFO  o.e.m.c.i.embedder.EclipseLogger - Copying 0 resource
2021-06-16 21:24:50,223 [Worker-71: Building] INFO  o.e.m.c.i.embedder.EclipseLogger - Using 'UTF-8' encoding to copy filtered resources.
2021-06-16 21:24:50,223 [Worker-71: Building] INFO  o.e.m.c.i.embedder.EclipseLogger - Using 'UTF-8' encoding to copy filtered properties files.
2021-06-16 21:24:50,223 [Worker-71: Building] INFO  o.e.m.c.i.embedder.EclipseLogger - skip non existing resourceDirectory C:\Users\BisanCo\Desktop\java\springAssi\counter\counter\src\test\resources
2021-06-16 21:37:02,122 [Worker-77: Launching counter - CounterApplication] INFO  o.e.m.c.i.embedder.EclipseLogger - Using 'UTF-8' encoding to copy filtered resources.
2021-06-16 21:37:02,122 [Worker-77: Launching counter - CounterApplication] INFO  o.e.m.c.i.embedder.EclipseLogger - Using 'UTF-8' encoding to copy filtered properties files.
2021-06-16 21:37:02,124 [Worker-77: Launching counter - CounterApplication] INFO  o.e.m.c.i.embedder.EclipseLogger - Copying 1 resource
2021-06-16 21:37:02,150 [Worker-77: Launching counter - CounterApplication] INFO  o.e.m.c.i.embedder.EclipseLogger - Copying 0 resource
2021-06-16 21:37:02,154 [Worker-77: Launching counter - CounterApplication] INFO  o.e.m.c.i.embedder.EclipseLogger - Using 'UTF-8' encoding to copy filtered resources.
2021-06-16 21:37:02,155 [Worker-77: Launching counter - CounterApplication] INFO  o.e.m.c.i.embedder.EclipseLogger - Using 'UTF-8' encoding to copy filtered properties files.
2021-06-16 21:37:02,155 [Worker-77: Launching counter - CounterApplication] INFO  o.e.m.c.i.embedder.EclipseLogger - skip non existing resourceDirectory C:\Users\BisanCo\Desktop\java\springAssi\counter\counter\src\test\resources
2021-06-16 21:39:22,588 [Worker-66: Launching counter - CounterApplication] INFO  o.e.m.c.i.embedder.EclipseLogger - Using 'UTF-8' encoding to copy filtered resources.
2021-06-16 21:39:22,588 [Worker-66: Launching counter - CounterApplication] INFO  o.e.m.c.i.embedder.EclipseLogger - Using 'UTF-8' encoding to copy filtered properties files.
2021-06-16 21:39:22,590 [Worker-66: Launching counter - CounterApplication] INFO  o.e.m.c.i.embedder.EclipseLogger - Copying 1 resource
2021-06-16 21:39:22,620 [Worker-66: Launching counter - CounterApplication] INFO  o.e.m.c.i.embedder.EclipseLogger - Copying 0 resource
2021-06-16 21:39:22,625 [Worker-66: Launching counter - CounterApplication] INFO  o.e.m.c.i.embedder.EclipseLogger - Using 'UTF-8' encoding to copy filtered resources.
2021-06-16 21:39:22,625 [Worker-66: Launching counter - CounterApplication] INFO  o.e.m.c.i.embedder.EclipseLogger - Using 'UTF-8' encoding to copy filtered properties files.
2021-06-16 21:39:22,625 [Worker-66: Launching counter - CounterApplication] INFO  o.e.m.c.i.embedder.EclipseLogger - skip non existing resourceDirectory C:\Users\BisanCo\Desktop\java\springAssi\counter\counter\src\test\resources
2021-06-16 21:41:04,294 [Worker-66: Launching counter - CounterApplication] INFO  o.e.m.c.i.embedder.EclipseLogger - Using 'UTF-8' encoding to copy filtered resources.
2021-06-16 21:41:04,294 [Worker-66: Launching counter - CounterApplication] INFO  o.e.m.c.i.embedder.EclipseLogger - Using 'UTF-8' encoding to copy filtered properties files.
2021-06-16 21:41:04,296 [Worker-66: Launching counter - CounterApplication] INFO  o.e.m.c.i.embedder.EclipseLogger - Copying 1 resource
2021-06-16 21:41:04,325 [Worker-66: Launching counter - CounterApplication] INFO  o.e.m.c.i.embedder.EclipseLogger - Copying 0 resource
2021-06-16 21:41:04,329 [Worker-66: Launching counter - CounterApplication] INFO  o.e.m.c.i.embedder.EclipseLogger - Using 'UTF-8' encoding to copy filtered resources.
2021-06-16 21:41:04,330 [Worker-66: Launching counter - CounterApplication] INFO  o.e.m.c.i.embedder.EclipseLogger - Using 'UTF-8' encoding to copy filtered properties files.
2021-06-16 21:41:04,330 [Worker-66: Launching counter - CounterApplication] INFO  o.e.m.c.i.embedder.EclipseLogger - skip non existing resourceDirectory C:\Users\BisanCo\Desktop\java\springAssi\counter\counter\src\test\resources
2021-06-16 21:44:40,068 [Worker-66: Launching counter - CounterApplication] INFO  o.e.m.c.i.embedder.EclipseLogger - Using 'UTF-8' encoding to copy filtered resources.
2021-06-16 21:44:40,069 [Worker-66: Launching counter - CounterApplication] INFO  o.e.m.c.i.embedder.EclipseLogger - Using 'UTF-8' encoding to copy filtered properties files.
2021-06-16 21:44:40,073 [Worker-66: Launching counter - CounterApplication] INFO  o.e.m.c.i.embedder.EclipseLogger - Copying 1 resource
2021-06-16 21:44:40,122 [Worker-66: Launching counter - CounterApplication] INFO  o.e.m.c.i.embedder.EclipseLogger - Copying 0 resource
2021-06-16 21:44:40,125 [Worker-66: Launching counter - CounterApplication] INFO  o.e.m.c.i.embedder.EclipseLogger - Using 'UTF-8' encoding to copy filtered resources.
2021-06-16 21:44:40,125 [Worker-66: Launching counter - CounterApplication] INFO  o.e.m.c.i.embedder.EclipseLogger - Using 'UTF-8' encoding to copy filtered properties files.
2021-06-16 21:44:40,125 [Worker-66: Launching counter - CounterApplication] INFO  o.e.m.c.i.embedder.EclipseLogger - skip non existing resourceDirectory C:\Users\BisanCo\Desktop\java\springAssi\counter\counter\src\test\resources
2021-06-16 21:46:09,886 [Worker-88: Launching counter - CounterApplication] INFO  o.e.m.c.i.embedder.EclipseLogger - Using 'UTF-8' encoding to copy filtered resources.
2021-06-16 21:46:09,887 [Worker-88: Launching counter - CounterApplication] INFO  o.e.m.c.i.embedder.EclipseLogger - Using 'UTF-8' encoding to copy filtered properties files.
2021-06-16 21:46:09,888 [Worker-88: Launching counter - CounterApplication] INFO  o.e.m.c.i.embedder.EclipseLogger - Copying 1 resource
2021-06-16 21:46:09,921 [Worker-88: Launching counter - CounterApplication] INFO  o.e.m.c.i.embedder.EclipseLogger - Copying 0 resource
2021-06-16 21:46:09,925 [Worker-88: Launching counter - CounterApplication] INFO  o.e.m.c.i.embedder.EclipseLogger - Using 'UTF-8' encoding to copy filtered resources.
2021-06-16 21:46:09,925 [Worker-88: Launching counter - CounterApplication] INFO  o.e.m.c.i.embedder.EclipseLogger - Using 'UTF-8' encoding to copy filtered properties files.
2021-06-16 21:46:09,925 [Worker-88: Launching counter - CounterApplication] INFO  o.e.m.c.i.embedder.EclipseLogger - skip non existing resourceDirectory C:\Users\BisanCo\Desktop\java\springAssi\counter\counter\src\test\resources
2021-06-16 21:49:52,301 [Worker-94: Building] INFO  o.e.m.c.i.embedder.EclipseLogger - Using 'UTF-8' encoding to copy filtered resources.
2021-06-16 21:49:52,301 [Worker-94: Building] INFO  o.e.m.c.i.embedder.EclipseLogger - Using 'UTF-8' encoding to copy filtered properties files.
2021-06-16 21:49:52,303 [Worker-94: Building] INFO  o.e.m.c.i.embedder.EclipseLogger - Copying 1 resource
2021-06-16 21:49:52,328 [Worker-94: Building] INFO  o.e.m.c.i.embedder.EclipseLogger - Copying 0 resource
2021-06-16 21:49:52,332 [Worker-94: Building] INFO  o.e.m.c.i.embedder.EclipseLogger - Using 'UTF-8' encoding to copy filtered resources.
2021-06-16 21:49:52,332 [Worker-94: Building] INFO  o.e.m.c.i.embedder.EclipseLogger - Using 'UTF-8' encoding to copy filtered properties files.
2021-06-16 21:49:52,333 [Worker-94: Building] INFO  o.e.m.c.i.embedder.EclipseLogger - skip non existing resourceDirectory C:\Users\BisanCo\Desktop\java\springAssi\counter\counter\src\test\resources
2021-06-16 21:51:41,263 [Worker-97: Launching counter - CounterApplication] INFO  o.e.m.c.i.embedder.EclipseLogger - Using 'UTF-8' encoding to copy filtered resources.
2021-06-16 21:51:41,263 [Worker-97: Launching counter - CounterApplication] INFO  o.e.m.c.i.embedder.EclipseLogger - Using 'UTF-8' encoding to copy filtered properties files.
2021-06-16 21:51:41,264 [Worker-97: Launching counter - CounterApplication] INFO  o.e.m.c.i.embedder.EclipseLogger - Copying 1 resource
2021-06-16 21:51:41,285 [Worker-97: Launching counter - CounterApplication] INFO  o.e.m.c.i.embedder.EclipseLogger - Copying 0 resource
2021-06-16 21:51:41,290 [Worker-97: Launching counter - CounterApplication] INFO  o.e.m.c.i.embedder.EclipseLogger - Using 'UTF-8' encoding to copy filtered resources.
2021-06-16 21:51:41,290 [Worker-97: Launching counter - CounterApplication] INFO  o.e.m.c.i.embedder.EclipseLogger - Using 'UTF-8' encoding to copy filtered properties files.
2021-06-16 21:51:41,291 [Worker-97: Launching counter - CounterApplication] INFO  o.e.m.c.i.embedder.EclipseLogger - skip non existing resourceDirectory C:\Users\BisanCo\Desktop\java\springAssi\counter\counter\src\test\resources
2021-06-16 21:53:19,561 [Worker-95: Launching counter - CounterApplication] INFO  o.e.m.c.i.embedder.EclipseLogger - Using 'UTF-8' encoding to copy filtered resources.
2021-06-16 21:53:19,562 [Worker-95: Launching counter - CounterApplication] INFO  o.e.m.c.i.embedder.EclipseLogger - Using 'UTF-8' encoding to copy filtered properties files.
2021-06-16 21:53:19,566 [Worker-95: Launching counter - CounterApplication] INFO  o.e.m.c.i.embedder.EclipseLogger - Copying 1 resource
2021-06-16 21:53:19,600 [Worker-95: Launching counter - CounterApplication] INFO  o.e.m.c.i.embedder.EclipseLogger - Copying 0 resource
2021-06-16 21:53:19,604 [Worker-95: Launching counter - CounterApplication] INFO  o.e.m.c.i.embedder.EclipseLogger - Using 'UTF-8' encoding to copy filtered resources.
2021-06-16 21:53:19,605 [Worker-95: Launching counter - CounterApplication] INFO  o.e.m.c.i.embedder.EclipseLogger - Using 'UTF-8' encoding to copy filtered properties files.
2021-06-16 21:53:19,605 [Worker-95: Launching counter - CounterApplication] INFO  o.e.m.c.i.embedder.EclipseLogger - skip non existing resourceDirectory C:\Users\BisanCo\Desktop\java\springAssi\counter\counter\src\test\resources
2021-06-16 21:54:12,769 [Worker-100: Launching counter - CounterApplication] INFO  o.e.m.c.i.embedder.EclipseLogger - Using 'UTF-8' encoding to copy filtered resources.
2021-06-16 21:54:12,769 [Worker-100: Launching counter - CounterApplication] INFO  o.e.m.c.i.embedder.EclipseLogger - Using 'UTF-8' encoding to copy filtered properties files.
2021-06-16 21:54:12,771 [Worker-100: Launching counter - CounterApplication] INFO  o.e.m.c.i.embedder.EclipseLogger - Copying 1 resource
2021-06-16 21:54:12,790 [Worker-100: Launching counter - CounterApplication] INFO  o.e.m.c.i.embedder.EclipseLogger - Copying 0 resource
2021-06-16 21:54:12,794 [Worker-100: Launching counter - CounterApplication] INFO  o.e.m.c.i.embedder.EclipseLogger - Using 'UTF-8' encoding to copy filtered resources.
2021-06-16 21:54:12,795 [Worker-100: Launching counter - CounterApplication] INFO  o.e.m.c.i.embedder.EclipseLogger - Using 'UTF-8' encoding to copy filtered properties files.
2021-06-16 21:54:12,795 [Worker-100: Launching counter - CounterApplication] INFO  o.e.m.c.i.embedder.EclipseLogger - skip non existing resourceDirectory C:\Users\BisanCo\Desktop\java\springAssi\counter\counter\src\test\resources
2021-06-16 22:04:35,980 [Worker-105: Launching counter - CounterApplication] INFO  o.e.m.c.i.embedder.EclipseLogger - Using 'UTF-8' encoding to copy filtered resources.
2021-06-16 22:04:35,980 [Worker-105: Launching counter - CounterApplication] INFO  o.e.m.c.i.embedder.EclipseLogger - Using 'UTF-8' encoding to copy filtered properties files.
2021-06-16 22:04:35,981 [Worker-105: Launching counter - CounterApplication] INFO  o.e.m.c.i.embedder.EclipseLogger - Copying 1 resource
2021-06-16 22:04:36,029 [Worker-105: Launching counter - CounterApplication] INFO  o.e.m.c.i.embedder.EclipseLogger - Copying 0 resource
2021-06-16 22:04:36,032 [Worker-105: Launching counter - CounterApplication] INFO  o.e.m.c.i.embedder.EclipseLogger - Using 'UTF-8' encoding to copy filtered resources.
2021-06-16 22:04:36,032 [Worker-105: Launching counter - CounterApplication] INFO  o.e.m.c.i.embedder.EclipseLogger - Using 'UTF-8' encoding to copy filtered properties files.
2021-06-16 22:04:36,033 [Worker-105: Launching counter - CounterApplication] INFO  o.e.m.c.i.embedder.EclipseLogger - skip non existing resourceDirectory C:\Users\BisanCo\Desktop\java\springAssi\counter\counter\src\test\resources
2021-06-16 22:05:25,677 [Worker-104: Launching counter - CounterApplication] INFO  o.e.m.c.i.embedder.EclipseLogger - Using 'UTF-8' encoding to copy filtered resources.
2021-06-16 22:05:25,677 [Worker-104: Launching counter - CounterApplication] INFO  o.e.m.c.i.embedder.EclipseLogger - Using 'UTF-8' encoding to copy filtered properties files.
2021-06-16 22:05:25,679 [Worker-104: Launching counter - CounterApplication] INFO  o.e.m.c.i.embedder.EclipseLogger - Copying 1 resource
2021-06-16 22:05:25,711 [Worker-104: Launching counter - CounterApplication] INFO  o.e.m.c.i.embedder.EclipseLogger - Copying 0 resource
2021-06-16 22:05:25,715 [Worker-104: Launching counter - CounterApplication] INFO  o.e.m.c.i.embedder.EclipseLogger - Using 'UTF-8' encoding to copy filtered resources.
2021-06-16 22:05:25,715 [Worker-104: Launching counter - CounterApplication] INFO  o.e.m.c.i.embedder.EclipseLogger - Using 'UTF-8' encoding to copy filtered properties files.
2021-06-16 22:05:25,715 [Worker-104: Launching counter - CounterApplication] INFO  o.e.m.c.i.embedder.EclipseLogger - skip non existing resourceDirectory C:\Users\BisanCo\Desktop\java\springAssi\counter\counter\src\test\resources
2021-06-16 22:08:08,353 [Worker-104: Launching counter - CounterApplication] INFO  o.e.m.c.i.embedder.EclipseLogger - Using 'UTF-8' encoding to copy filtered resources.
2021-06-16 22:08:08,354 [Worker-104: Launching counter - CounterApplication] INFO  o.e.m.c.i.embedder.EclipseLogger - Using 'UTF-8' encoding to copy filtered properties files.
2021-06-16 22:08:08,356 [Worker-104: Launching counter - CounterApplication] INFO  o.e.m.c.i.embedder.EclipseLogger - Copying 1 resource
2021-06-16 22:08:08,403 [Worker-104: Launching counter - CounterApplication] INFO  o.e.m.c.i.embedder.EclipseLogger - Copying 0 resource
2021-06-16 22:08:08,407 [Worker-104: Launching counter - CounterApplication] INFO  o.e.m.c.i.embedder.EclipseLogger - Using 'UTF-8' encoding to copy filtered resources.
2021-06-16 22:08:08,408 [Worker-104: Launching counter - CounterApplication] INFO  o.e.m.c.i.embedder.EclipseLogger - Using 'UTF-8' encoding to copy filtered properties files.
2021-06-16 22:08:08,408 [Worker-104: Launching counter - CounterApplication] INFO  o.e.m.c.i.embedder.EclipseLogger - skip non existing resourceDirectory C:\Users\BisanCo\Desktop\java\springAssi\counter\counter\src\test\resources
2021-06-16 22:09:48,870 [Worker-111: Launching counter - CounterApplication] INFO  o.e.m.c.i.embedder.EclipseLogger - Using 'UTF-8' encoding to copy filtered resources.
2021-06-16 22:09:48,872 [Worker-111: Launching counter - CounterApplication] INFO  o.e.m.c.i.embedder.EclipseLogger - Using 'UTF-8' encoding to copy filtered properties files.
2021-06-16 22:09:48,874 [Worker-111: Launching counter - CounterApplication] INFO  o.e.m.c.i.embedder.EclipseLogger - Copying 1 resource
2021-06-16 22:09:48,893 [Worker-111: Launching counter - CounterApplication] INFO  o.e.m.c.i.embedder.EclipseLogger - Copying 0 resource
2021-06-16 22:09:48,916 [Worker-111: Launching counter - CounterApplication] INFO  o.e.m.c.i.embedder.EclipseLogger - Using 'UTF-8' encoding to copy filtered resources.
2021-06-16 22:09:48,916 [Worker-111: Launching counter - CounterApplication] INFO  o.e.m.c.i.embedder.EclipseLogger - Using 'UTF-8' encoding to copy filtered properties files.
2021-06-16 22:09:48,916 [Worker-111: Launching counter - CounterApplication] INFO  o.e.m.c.i.embedder.EclipseLogger - skip non existing resourceDirectory C:\Users\BisanCo\Desktop\java\springAssi\counter\counter\src\test\resources
2021-06-16 22:11:36,822 [Worker-111: Launching counter - CounterApplication] INFO  o.e.m.c.i.embedder.EclipseLogger - Using 'UTF-8' encoding to copy filtered resources.
2021-06-16 22:11:36,823 [Worker-111: Launching counter - CounterApplication] INFO  o.e.m.c.i.embedder.EclipseLogger - Using 'UTF-8' encoding to copy filtered properties files.
2021-06-16 22:11:36,824 [Worker-111: Launching counter - CounterApplication] INFO  o.e.m.c.i.embedder.EclipseLogger - Copying 1 resource
2021-06-16 22:11:36,846 [Worker-111: Launching counter - CounterApplication] INFO  o.e.m.c.i.embedder.EclipseLogger - Copying 0 resource
2021-06-16 22:11:36,849 [Worker-111: Launching counter - CounterApplication] INFO  o.e.m.c.i.embedder.EclipseLogger - Using 'UTF-8' encoding to copy filtered resources.
2021-06-16 22:11:36,849 [Worker-111: Launching counter - CounterApplication] INFO  o.e.m.c.i.embedder.EclipseLogger - Using 'UTF-8' encoding to copy filtered properties files.
2021-06-16 22:11:36,850 [Worker-111: Launching counter - CounterApplication] INFO  o.e.m.c.i.embedder.EclipseLogger - skip non existing resourceDirectory C:\Users\BisanCo\Desktop\java\springAssi\counter\counter\src\test\resources
2021-06-16 22:14:03,274 [Worker-104: Launching counter - CounterApplication] INFO  o.e.m.c.i.embedder.EclipseLogger - Using 'UTF-8' encoding to copy filtered resources.
2021-06-16 22:14:03,275 [Worker-104: Launching counter - CounterApplication] INFO  o.e.m.c.i.embedder.EclipseLogger - Using 'UTF-8' encoding to copy filtered properties files.
2021-06-16 22:14:03,277 [Worker-104: Launching counter - CounterApplication] INFO  o.e.m.c.i.embedder.EclipseLogger - Copying 1 resource
2021-06-16 22:14:03,298 [Worker-104: Launching counter - CounterApplication] INFO  o.e.m.c.i.embedder.EclipseLogger - Copying 0 resource
2021-06-16 22:14:03,302 [Worker-104: Launching counter - CounterApplication] INFO  o.e.m.c.i.embedder.EclipseLogger - Using 'UTF-8' encoding to copy filtered resources.
2021-06-16 22:14:03,302 [Worker-104: Launching counter - CounterApplication] INFO  o.e.m.c.i.embedder.EclipseLogger - Using 'UTF-8' encoding to copy filtered properties files.
2021-06-16 22:14:03,302 [Worker-104: Launching counter - CounterApplication] INFO  o.e.m.c.i.embedder.EclipseLogger - skip non existing resourceDirectory C:\Users\BisanCo\Desktop\java\springAssi\counter\counter\src\test\resources
2021-06-16 22:17:48,927 [Worker-112: Launching counter - CounterApplication] INFO  o.e.m.c.i.embedder.EclipseLogger - Using 'UTF-8' encoding to copy filtered resources.
2021-06-16 22:17:48,927 [Worker-112: Launching counter - CounterApplication] INFO  o.e.m.c.i.embedder.EclipseLogger - Using 'UTF-8' encoding to copy filtered properties files.
2021-06-16 22:17:48,928 [Worker-112: Launching counter - CounterApplication] INFO  o.e.m.c.i.embedder.EclipseLogger - Copying 1 resource
2021-06-16 22:17:48,954 [Worker-112: Launching counter - CounterApplication] INFO  o.e.m.c.i.embedder.EclipseLogger - Copying 0 resource
2021-06-16 22:17:48,959 [Worker-112: Launching counter - CounterApplication] INFO  o.e.m.c.i.embedder.EclipseLogger - Using 'UTF-8' encoding to copy filtered resources.
2021-06-16 22:17:48,959 [Worker-112: Launching counter - CounterApplication] INFO  o.e.m.c.i.embedder.EclipseLogger - Using 'UTF-8' encoding to copy filtered properties files.
2021-06-16 22:17:48,959 [Worker-112: Launching counter - CounterApplication] INFO  o.e.m.c.i.embedder.EclipseLogger - skip non existing resourceDirectory C:\Users\BisanCo\Desktop\java\springAssi\counter\counter\src\test\resources
2021-06-16 22:19:38,895 [Worker-115: Building] INFO  o.e.m.c.i.embedder.EclipseLogger - Using 'UTF-8' encoding to copy filtered resources.
2021-06-16 22:19:38,895 [Worker-115: Building] INFO  o.e.m.c.i.embedder.EclipseLogger - Using 'UTF-8' encoding to copy filtered properties files.
2021-06-16 22:19:38,897 [Worker-115: Building] INFO  o.e.m.c.i.embedder.EclipseLogger - Copying 1 resource
2021-06-16 22:19:38,915 [Worker-115: Building] INFO  o.e.m.c.i.embedder.EclipseLogger - Copying 0 resource
2021-06-16 22:19:38,919 [Worker-115: Building] INFO  o.e.m.c.i.embedder.EclipseLogger - Using 'UTF-8' encoding to copy filtered resources.
2021-06-16 22:19:38,919 [Worker-115: Building] INFO  o.e.m.c.i.embedder.EclipseLogger - Using 'UTF-8' encoding to copy filtered properties files.
2021-06-16 22:19:38,919 [Worker-115: Building] INFO  o.e.m.c.i.embedder.EclipseLogger - skip non existing resourceDirectory C:\Users\BisanCo\Desktop\java\springAssi\counter\counter\src\test\resources
2021-06-16 22:19:40,450 [Stop Help Server] INFO  o.e.jetty.server.AbstractConnector - Stopped ServerConnector@ee0c03b{HTTP/1.1, (http/1.1)}{127.0.0.1:0}
2021-06-16 22:19:40,451 [Stop Help Server] INFO  org.eclipse.jetty.server.session - node0 Stopped scavenging
2021-06-16 22:19:40,477 [Stop Help Server] INFO  o.e.j.server.handler.ContextHandler - Stopped o.e.j.s.ServletContextHandler@64f9a7a2{/help,null,STOPPED}
