2021-06-15 00:15:28,019 [Worker-3: Loading available Gradle versions] INFO  o.e.b.c.i.u.g.PublishedGradleVersions - Gradle version information cache is up-to-date. Trying to read.
2021-06-15 00:17:20,810 [Worker-4: Import Getting Started Content] INFO  o.e.m.c.i.e.AbstractTransferListenerAdapter - Downloading https://repo.maven.apache.org/maven2/org/apache/maven/plugins/maven-jar-plugin/3.2.0/maven-jar-plugin-3.2.0.jar
2021-06-15 00:17:21,011 [Worker-4: Import Getting Started Content] INFO  o.e.m.c.i.e.AbstractTransferListenerAdapter - Downloaded https://repo.maven.apache.org/maven2/org/apache/maven/plugins/maven-jar-plugin/3.2.0/maven-jar-plugin-3.2.0.jar
2021-06-15 00:17:22,070 [Worker-4: Import Getting Started Content] INFO  o.e.m.c.i.l.LifecycleMappingFactory - Using org.eclipse.m2e.jdt.JarLifecycleMapping lifecycle mapping for MavenProject: com.getingfamiliar:getingfamiliar:0.0.1-SNAPSHOT @ C:\Users\BisanCo\Desktop\java\springAssi\Getingfamiliar\getingfamiliar\pom.xml.
2021-06-15 00:17:22,965 [Worker-4: Import Getting Started Content] INFO  o.e.m.c.i.e.AbstractTransferListenerAdapter - Downloading https://repo.maven.apache.org/maven2/org/apache/maven/plugins/maven-jar-plugin/3.2.0/maven-jar-plugin-3.2.0.pom
2021-06-15 00:17:23,182 [Worker-4: Import Getting Started Content] INFO  o.e.m.c.i.e.AbstractTransferListenerAdapter - Downloaded https://repo.maven.apache.org/maven2/org/apache/maven/plugins/maven-jar-plugin/3.2.0/maven-jar-plugin-3.2.0.pom
2021-06-15 00:17:23,392 [Worker-4: Import Getting Started Content] INFO  o.e.m.c.i.e.AbstractTransferListenerAdapter - Downloading https://repo.maven.apache.org/maven2/org/apache/maven/shared/file-management/3.0.0/file-management-3.0.0.pom
2021-06-15 00:17:23,491 [Worker-4: Import Getting Started Content] INFO  o.e.m.c.i.e.AbstractTransferListenerAdapter - Downloaded https://repo.maven.apache.org/maven2/org/apache/maven/shared/file-management/3.0.0/file-management-3.0.0.pom
2021-06-15 00:17:23,580 [Worker-4: Import Getting Started Content] INFO  o.e.m.c.i.e.AbstractTransferListenerAdapter - Downloading https://repo.maven.apache.org/maven2/org/apache/maven/shared/maven-shared-io/3.0.0/maven-shared-io-3.0.0.pom
2021-06-15 00:17:23,673 [Worker-4: Import Getting Started Content] INFO  o.e.m.c.i.e.AbstractTransferListenerAdapter - Downloaded https://repo.maven.apache.org/maven2/org/apache/maven/shared/maven-shared-io/3.0.0/maven-shared-io-3.0.0.pom
2021-06-15 00:17:23,757 [Worker-4: Import Getting Started Content] INFO  o.e.m.c.i.e.AbstractTransferListenerAdapter - Downloading https://repo.maven.apache.org/maven2/org/apache/maven/maven-compat/3.0/maven-compat-3.0.pom
2021-06-15 00:17:23,849 [Worker-4: Import Getting Started Content] INFO  o.e.m.c.i.e.AbstractTransferListenerAdapter - Downloaded https://repo.maven.apache.org/maven2/org/apache/maven/maven-compat/3.0/maven-compat-3.0.pom
2021-06-15 00:17:23,931 [Worker-4: Import Getting Started Content] INFO  o.e.m.c.i.e.AbstractTransferListenerAdapter - Downloading https://repo.maven.apache.org/maven2/org/apache/maven/wagon/wagon-provider-api/1.0-beta-6/wagon-provider-api-1.0-beta-6.pom
2021-06-15 00:17:24,021 [Worker-4: Import Getting Started Content] INFO  o.e.m.c.i.e.AbstractTransferListenerAdapter - Downloaded https://repo.maven.apache.org/maven2/org/apache/maven/wagon/wagon-provider-api/1.0-beta-6/wagon-provider-api-1.0-beta-6.pom
2021-06-15 00:17:24,102 [Worker-4: Import Getting Started Content] INFO  o.e.m.c.i.e.AbstractTransferListenerAdapter - Downloading https://repo.maven.apache.org/maven2/org/apache/maven/wagon/wagon/1.0-beta-6/wagon-1.0-beta-6.pom
2021-06-15 00:17:24,201 [Worker-4: Import Getting Started Content] INFO  o.e.m.c.i.e.AbstractTransferListenerAdapter - Downloaded https://repo.maven.apache.org/maven2/org/apache/maven/wagon/wagon/1.0-beta-6/wagon-1.0-beta-6.pom
2021-06-15 00:17:24,296 [Worker-4: Import Getting Started Content] INFO  o.e.m.c.i.e.AbstractTransferListenerAdapter - Downloading https://repo.maven.apache.org/maven2/org/codehaus/plexus/plexus-utils/1.4.2/plexus-utils-1.4.2.pom
2021-06-15 00:17:24,400 [Worker-4: Import Getting Started Content] INFO  o.e.m.c.i.e.AbstractTransferListenerAdapter - Downloaded https://repo.maven.apache.org/maven2/org/codehaus/plexus/plexus-utils/1.4.2/plexus-utils-1.4.2.pom
2021-06-15 00:17:24,482 [Worker-4: Import Getting Started Content] INFO  o.e.m.c.i.e.AbstractTransferListenerAdapter - Downloading https://repo.maven.apache.org/maven2/org/apache/maven/wagon/wagon-provider-api/2.10/wagon-provider-api-2.10.pom
2021-06-15 00:17:24,583 [Worker-4: Import Getting Started Content] INFO  o.e.m.c.i.e.AbstractTransferListenerAdapter - Downloaded https://repo.maven.apache.org/maven2/org/apache/maven/wagon/wagon-provider-api/2.10/wagon-provider-api-2.10.pom
2021-06-15 00:17:24,665 [Worker-4: Import Getting Started Content] INFO  o.e.m.c.i.e.AbstractTransferListenerAdapter - Downloading https://repo.maven.apache.org/maven2/org/apache/maven/wagon/wagon/2.10/wagon-2.10.pom
2021-06-15 00:17:24,769 [Worker-4: Import Getting Started Content] INFO  o.e.m.c.i.e.AbstractTransferListenerAdapter - Downloaded https://repo.maven.apache.org/maven2/org/apache/maven/wagon/wagon/2.10/wagon-2.10.pom
2021-06-15 00:17:24,857 [Worker-4: Import Getting Started Content] INFO  o.e.m.c.i.e.AbstractTransferListenerAdapter - Downloading https://repo.maven.apache.org/maven2/org/apache/maven/maven-parent/26/maven-parent-26.pom
2021-06-15 00:17:24,981 [Worker-4: Import Getting Started Content] INFO  o.e.m.c.i.e.AbstractTransferListenerAdapter - Downloaded https://repo.maven.apache.org/maven2/org/apache/maven/maven-parent/26/maven-parent-26.pom
2021-06-15 00:17:25,068 [Worker-4: Import Getting Started Content] INFO  o.e.m.c.i.e.AbstractTransferListenerAdapter - Downloading https://repo.maven.apache.org/maven2/org/codehaus/plexus/plexus-utils/3.0.15/plexus-utils-3.0.15.pom
2021-06-15 00:17:25,158 [Worker-4: Import Getting Started Content] INFO  o.e.m.c.i.e.AbstractTransferListenerAdapter - Downloaded https://repo.maven.apache.org/maven2/org/codehaus/plexus/plexus-utils/3.0.15/plexus-utils-3.0.15.pom
2021-06-15 00:17:25,307 [Worker-4: Import Getting Started Content] INFO  o.e.m.c.i.e.AbstractTransferListenerAdapter - Downloading https://repo.maven.apache.org/maven2/org/codehaus/plexus/plexus-archiver/4.2.1/plexus-archiver-4.2.1.pom
2021-06-15 00:17:25,398 [Worker-4: Import Getting Started Content] INFO  o.e.m.c.i.e.AbstractTransferListenerAdapter - Downloaded https://repo.maven.apache.org/maven2/org/codehaus/plexus/plexus-archiver/4.2.1/plexus-archiver-4.2.1.pom
2021-06-15 00:17:25,520 [AetherRepositoryConnector-repo.maven.apache.org-0-0] INFO  o.e.m.c.i.e.AbstractTransferListenerAdapter - Downloading https://repo.maven.apache.org/maven2/org/apache/maven/shared/file-management/3.0.0/file-management-3.0.0.jar
2021-06-15 00:17:25,606 [AetherRepositoryConnector-repo.maven.apache.org-0-3] INFO  o.e.m.c.i.e.AbstractTransferListenerAdapter - Downloading https://repo.maven.apache.org/maven2/org/apache/maven/wagon/wagon-provider-api/2.10/wagon-provider-api-2.10.jar
2021-06-15 00:17:25,627 [AetherRepositoryConnector-repo.maven.apache.org-0-1] INFO  o.e.m.c.i.e.AbstractTransferListenerAdapter - Downloading https://repo.maven.apache.org/maven2/org/apache/maven/shared/maven-shared-io/3.0.0/maven-shared-io-3.0.0.jar
2021-06-15 00:17:25,650 [AetherRepositoryConnector-repo.maven.apache.org-0-4] INFO  o.e.m.c.i.e.AbstractTransferListenerAdapter - Downloading https://repo.maven.apache.org/maven2/org/codehaus/plexus/plexus-archiver/4.2.1/plexus-archiver-4.2.1.jar
2021-06-15 00:17:25,650 [AetherRepositoryConnector-repo.maven.apache.org-0-2] INFO  o.e.m.c.i.e.AbstractTransferListenerAdapter - Downloading https://repo.maven.apache.org/maven2/org/apache/maven/maven-compat/3.0/maven-compat-3.0.jar
2021-06-15 00:17:25,987 [AetherRepositoryConnector-repo.maven.apache.org-0-3] INFO  o.e.m.c.i.e.AbstractTransferListenerAdapter - Downloaded https://repo.maven.apache.org/maven2/org/apache/maven/wagon/wagon-provider-api/2.10/wagon-provider-api-2.10.jar
2021-06-15 00:17:26,028 [AetherRepositoryConnector-repo.maven.apache.org-0-0] INFO  o.e.m.c.i.e.AbstractTransferListenerAdapter - Downloaded https://repo.maven.apache.org/maven2/org/apache/maven/shared/file-management/3.0.0/file-management-3.0.0.jar
2021-06-15 00:17:26,029 [AetherRepositoryConnector-repo.maven.apache.org-0-1] INFO  o.e.m.c.i.e.AbstractTransferListenerAdapter - Downloaded https://repo.maven.apache.org/maven2/org/apache/maven/shared/maven-shared-io/3.0.0/maven-shared-io-3.0.0.jar
2021-06-15 00:17:26,071 [AetherRepositoryConnector-repo.maven.apache.org-0-4] INFO  o.e.m.c.i.e.AbstractTransferListenerAdapter - Downloaded https://repo.maven.apache.org/maven2/org/codehaus/plexus/plexus-archiver/4.2.1/plexus-archiver-4.2.1.jar
2021-06-15 00:17:26,095 [AetherRepositoryConnector-repo.maven.apache.org-0-3] INFO  o.e.m.c.i.e.AbstractTransferListenerAdapter - Downloading https://repo.maven.apache.org/maven2/org/apache/commons/commons-compress/1.19/commons-compress-1.19.jar
2021-06-15 00:17:26,450 [AetherRepositoryConnector-repo.maven.apache.org-0-2] INFO  o.e.m.c.i.e.AbstractTransferListenerAdapter - Downloaded https://repo.maven.apache.org/maven2/org/apache/maven/maven-compat/3.0/maven-compat-3.0.jar
2021-06-15 00:17:26,554 [AetherRepositoryConnector-repo.maven.apache.org-0-3] INFO  o.e.m.c.i.e.AbstractTransferListenerAdapter - Downloaded https://repo.maven.apache.org/maven2/org/apache/commons/commons-compress/1.19/commons-compress-1.19.jar
2021-06-15 00:17:27,394 [Worker-4: Import Getting Started Content] INFO  o.e.m.j.i.AbstractJavaProjectConfigurator - Adding source folder /getingfamiliar/src/main/java
2021-06-15 00:17:27,395 [Worker-4: Import Getting Started Content] INFO  o.e.m.j.i.AbstractJavaProjectConfigurator - Adding resource folder /getingfamiliar/src/main/resources
2021-06-15 00:17:27,401 [Worker-4: Import Getting Started Content] INFO  o.e.m.j.i.AbstractJavaProjectConfigurator - Adding resource folder /getingfamiliar/src/main/resources
2021-06-15 00:17:27,410 [Worker-4: Import Getting Started Content] INFO  o.e.m.j.i.AbstractJavaProjectConfigurator - Adding source folder /getingfamiliar/src/test/java
2021-06-15 00:17:28,593 [Worker-4: Import Getting Started Content] INFO  o.e.m.c.i.p.ProjectConfigurationManager - Imported and configured 1 project(s) in 9 sec
2021-06-15 00:17:28,597 [Worker-4: Import Getting Started Content] INFO  o.e.m.c.i.p.ProjectConfigurationManager - Update started
2021-06-15 00:17:29,339 [Worker-4: Import Getting Started Content] INFO  o.e.m.c.i.l.LifecycleMappingFactory - Using org.eclipse.m2e.jdt.JarLifecycleMapping lifecycle mapping for MavenProject: com.getingfamiliar:getingfamiliar:0.0.1-SNAPSHOT @ C:\Users\BisanCo\Desktop\java\springAssi\Getingfamiliar\getingfamiliar\pom.xml.
2021-06-15 00:17:30,605 [Worker-4: Import Getting Started Content] INFO  o.e.m.j.i.AbstractJavaProjectConfigurator - Adding source folder /getingfamiliar/src/main/java
2021-06-15 00:17:30,606 [Worker-4: Import Getting Started Content] INFO  o.e.m.j.i.AbstractJavaProjectConfigurator - Adding resource folder /getingfamiliar/src/main/resources
2021-06-15 00:17:30,606 [Worker-4: Import Getting Started Content] INFO  o.e.m.j.i.AbstractJavaProjectConfigurator - Adding resource folder /getingfamiliar/src/main/resources
2021-06-15 00:17:30,607 [Worker-4: Import Getting Started Content] INFO  o.e.m.j.i.AbstractJavaProjectConfigurator - Adding source folder /getingfamiliar/src/test/java
2021-06-15 00:17:31,136 [Worker-4: Import Getting Started Content] INFO  o.e.m.c.i.p.ProjectConfigurationManager - Update completed: 2 sec
2021-06-15 00:17:31,988 [Worker-5: Building] INFO  o.e.m.c.i.embedder.EclipseLogger - Using 'UTF-8' encoding to copy filtered resources.
2021-06-15 00:17:31,989 [Worker-5: Building] INFO  o.e.m.c.i.embedder.EclipseLogger - Using 'UTF-8' encoding to copy filtered properties files.
2021-06-15 00:17:31,996 [Worker-5: Building] INFO  o.e.m.c.i.embedder.EclipseLogger - Copying 1 resource
2021-06-15 00:17:32,007 [Worker-5: Building] INFO  o.e.m.c.i.embedder.EclipseLogger - Copying 0 resource
2021-06-15 00:17:32,011 [Worker-5: Building] INFO  o.e.m.c.i.embedder.EclipseLogger - Using 'UTF-8' encoding to copy filtered resources.
2021-06-15 00:17:32,011 [Worker-5: Building] INFO  o.e.m.c.i.embedder.EclipseLogger - Using 'UTF-8' encoding to copy filtered properties files.
2021-06-15 00:17:32,011 [Worker-5: Building] INFO  o.e.m.c.i.embedder.EclipseLogger - skip non existing resourceDirectory C:\Users\BisanCo\Desktop\java\springAssi\Getingfamiliar\getingfamiliar\src\test\resources
2021-06-15 00:19:42,722 [Worker-9: Building] INFO  o.e.m.c.i.embedder.EclipseLogger - Using 'UTF-8' encoding to copy filtered resources.
2021-06-15 00:19:42,723 [Worker-9: Building] INFO  o.e.m.c.i.embedder.EclipseLogger - Using 'UTF-8' encoding to copy filtered properties files.
2021-06-15 00:19:42,724 [Worker-9: Building] INFO  o.e.m.c.i.embedder.EclipseLogger - Copying 0 resource
2021-06-15 00:19:42,725 [Worker-9: Building] INFO  o.e.m.c.i.embedder.EclipseLogger - Copying 0 resource
2021-06-15 00:19:42,728 [Worker-9: Building] INFO  o.e.m.c.i.embedder.EclipseLogger - Using 'UTF-8' encoding to copy filtered resources.
2021-06-15 00:19:42,728 [Worker-9: Building] INFO  o.e.m.c.i.embedder.EclipseLogger - Using 'UTF-8' encoding to copy filtered properties files.
2021-06-15 00:19:42,729 [Worker-9: Building] INFO  o.e.m.c.i.embedder.EclipseLogger - skip non existing resourceDirectory C:\Users\BisanCo\Desktop\java\springAssi\Getingfamiliar\getingfamiliar\src\test\resources
2021-06-15 00:29:24,277 [Worker-10: Building] INFO  o.e.m.c.i.embedder.EclipseLogger - Using 'UTF-8' encoding to copy filtered resources.
2021-06-15 00:29:24,278 [Worker-10: Building] INFO  o.e.m.c.i.embedder.EclipseLogger - Using 'UTF-8' encoding to copy filtered properties files.
2021-06-15 00:29:24,280 [Worker-10: Building] INFO  o.e.m.c.i.embedder.EclipseLogger - Copying 1 resource
2021-06-15 00:29:24,295 [Worker-10: Building] INFO  o.e.m.c.i.embedder.EclipseLogger - Copying 0 resource
2021-06-15 00:29:24,297 [Worker-10: Building] INFO  o.e.m.c.i.embedder.EclipseLogger - Using 'UTF-8' encoding to copy filtered resources.
2021-06-15 00:29:24,297 [Worker-10: Building] INFO  o.e.m.c.i.embedder.EclipseLogger - Using 'UTF-8' encoding to copy filtered properties files.
2021-06-15 00:29:24,297 [Worker-10: Building] INFO  o.e.m.c.i.embedder.EclipseLogger - skip non existing resourceDirectory C:\Users\BisanCo\Desktop\java\springAssi\Getingfamiliar\getingfamiliar\src\test\resources
2021-06-15 00:36:18,020 [Worker-20: Launching getingfamiliar - GetingfamiliarApplication] INFO  o.e.m.c.i.embedder.EclipseLogger - Using 'UTF-8' encoding to copy filtered resources.
2021-06-15 00:36:18,021 [Worker-20: Launching getingfamiliar - GetingfamiliarApplication] INFO  o.e.m.c.i.embedder.EclipseLogger - Using 'UTF-8' encoding to copy filtered properties files.
2021-06-15 00:36:18,023 [Worker-20: Launching getingfamiliar - GetingfamiliarApplication] INFO  o.e.m.c.i.embedder.EclipseLogger - Copying 1 resource
2021-06-15 00:36:18,035 [Worker-20: Launching getingfamiliar - GetingfamiliarApplication] INFO  o.e.m.c.i.embedder.EclipseLogger - Copying 0 resource
2021-06-15 00:36:18,038 [Worker-20: Launching getingfamiliar - GetingfamiliarApplication] INFO  o.e.m.c.i.embedder.EclipseLogger - Using 'UTF-8' encoding to copy filtered resources.
2021-06-15 00:36:18,038 [Worker-20: Launching getingfamiliar - GetingfamiliarApplication] INFO  o.e.m.c.i.embedder.EclipseLogger - Using 'UTF-8' encoding to copy filtered properties files.
2021-06-15 00:36:18,038 [Worker-20: Launching getingfamiliar - GetingfamiliarApplication] INFO  o.e.m.c.i.embedder.EclipseLogger - skip non existing resourceDirectory C:\Users\BisanCo\Desktop\java\springAssi\Getingfamiliar\getingfamiliar\src\test\resources
2021-06-15 00:37:19,730 [Worker-23: Building] INFO  o.e.m.c.i.embedder.EclipseLogger - Using 'UTF-8' encoding to copy filtered resources.
2021-06-15 00:37:19,731 [Worker-23: Building] INFO  o.e.m.c.i.embedder.EclipseLogger - Using 'UTF-8' encoding to copy filtered properties files.
2021-06-15 00:37:19,732 [Worker-23: Building] INFO  o.e.m.c.i.embedder.EclipseLogger - Copying 1 resource
2021-06-15 00:37:19,771 [Worker-23: Building] INFO  o.e.m.c.i.embedder.EclipseLogger - Copying 0 resource
2021-06-15 00:37:19,776 [Worker-23: Building] INFO  o.e.m.c.i.embedder.EclipseLogger - Using 'UTF-8' encoding to copy filtered resources.
2021-06-15 00:37:19,776 [Worker-23: Building] INFO  o.e.m.c.i.embedder.EclipseLogger - Using 'UTF-8' encoding to copy filtered properties files.
2021-06-15 00:37:19,776 [Worker-23: Building] INFO  o.e.m.c.i.embedder.EclipseLogger - skip non existing resourceDirectory C:\Users\BisanCo\Desktop\java\springAssi\Getingfamiliar\getingfamiliar\src\test\resources
2021-06-15 00:51:18,709 [Worker-28: Launching getingfamiliar - GetingfamiliarApplication] INFO  o.e.m.c.i.embedder.EclipseLogger - Using 'UTF-8' encoding to copy filtered resources.
2021-06-15 00:51:18,709 [Worker-28: Launching getingfamiliar - GetingfamiliarApplication] INFO  o.e.m.c.i.embedder.EclipseLogger - Using 'UTF-8' encoding to copy filtered properties files.
2021-06-15 00:51:18,710 [Worker-28: Launching getingfamiliar - GetingfamiliarApplication] INFO  o.e.m.c.i.embedder.EclipseLogger - Copying 1 resource
2021-06-15 00:51:18,720 [Worker-28: Launching getingfamiliar - GetingfamiliarApplication] INFO  o.e.m.c.i.embedder.EclipseLogger - Copying 0 resource
2021-06-15 00:51:18,722 [Worker-28: Launching getingfamiliar - GetingfamiliarApplication] INFO  o.e.m.c.i.embedder.EclipseLogger - Using 'UTF-8' encoding to copy filtered resources.
2021-06-15 00:51:18,722 [Worker-28: Launching getingfamiliar - GetingfamiliarApplication] INFO  o.e.m.c.i.embedder.EclipseLogger - Using 'UTF-8' encoding to copy filtered properties files.
2021-06-15 00:51:18,722 [Worker-28: Launching getingfamiliar - GetingfamiliarApplication] INFO  o.e.m.c.i.embedder.EclipseLogger - skip non existing resourceDirectory C:\Users\BisanCo\Desktop\java\springAssi\Getingfamiliar\getingfamiliar\src\test\resources
2021-06-15 00:52:39,867 [Worker-10: Launching getingfamiliar - GetingfamiliarApplication] INFO  o.e.m.c.i.embedder.EclipseLogger - Using 'UTF-8' encoding to copy filtered resources.
2021-06-15 00:52:39,867 [Worker-10: Launching getingfamiliar - GetingfamiliarApplication] INFO  o.e.m.c.i.embedder.EclipseLogger - Using 'UTF-8' encoding to copy filtered properties files.
2021-06-15 00:52:39,870 [Worker-10: Launching getingfamiliar - GetingfamiliarApplication] INFO  o.e.m.c.i.embedder.EclipseLogger - Copying 1 resource
2021-06-15 00:52:39,899 [Worker-10: Launching getingfamiliar - GetingfamiliarApplication] INFO  o.e.m.c.i.embedder.EclipseLogger - Copying 0 resource
2021-06-15 00:52:39,904 [Worker-10: Launching getingfamiliar - GetingfamiliarApplication] INFO  o.e.m.c.i.embedder.EclipseLogger - Using 'UTF-8' encoding to copy filtered resources.
2021-06-15 00:52:39,904 [Worker-10: Launching getingfamiliar - GetingfamiliarApplication] INFO  o.e.m.c.i.embedder.EclipseLogger - Using 'UTF-8' encoding to copy filtered properties files.
2021-06-15 00:52:39,905 [Worker-10: Launching getingfamiliar - GetingfamiliarApplication] INFO  o.e.m.c.i.embedder.EclipseLogger - skip non existing resourceDirectory C:\Users\BisanCo\Desktop\java\springAssi\Getingfamiliar\getingfamiliar\src\test\resources
2021-06-15 00:53:26,428 [Worker-32: Launching getingfamiliar - GetingfamiliarApplication] INFO  o.e.m.c.i.embedder.EclipseLogger - Using 'UTF-8' encoding to copy filtered resources.
2021-06-15 00:53:26,429 [Worker-32: Launching getingfamiliar - GetingfamiliarApplication] INFO  o.e.m.c.i.embedder.EclipseLogger - Using 'UTF-8' encoding to copy filtered properties files.
2021-06-15 00:53:26,431 [Worker-32: Launching getingfamiliar - GetingfamiliarApplication] INFO  o.e.m.c.i.embedder.EclipseLogger - Copying 1 resource
2021-06-15 00:53:26,453 [Worker-32: Launching getingfamiliar - GetingfamiliarApplication] INFO  o.e.m.c.i.embedder.EclipseLogger - Copying 0 resource
2021-06-15 00:53:26,459 [Worker-32: Launching getingfamiliar - GetingfamiliarApplication] INFO  o.e.m.c.i.embedder.EclipseLogger - Using 'UTF-8' encoding to copy filtered resources.
2021-06-15 00:53:26,459 [Worker-32: Launching getingfamiliar - GetingfamiliarApplication] INFO  o.e.m.c.i.embedder.EclipseLogger - Using 'UTF-8' encoding to copy filtered properties files.
2021-06-15 00:53:26,460 [Worker-32: Launching getingfamiliar - GetingfamiliarApplication] INFO  o.e.m.c.i.embedder.EclipseLogger - skip non existing resourceDirectory C:\Users\BisanCo\Desktop\java\springAssi\Getingfamiliar\getingfamiliar\src\test\resources
2021-06-15 01:15:32,715 [Worker-40: Launching getingfamiliar - GetingfamiliarApplication] INFO  o.e.m.c.i.embedder.EclipseLogger - Using 'UTF-8' encoding to copy filtered resources.
2021-06-15 01:15:32,715 [Worker-40: Launching getingfamiliar - GetingfamiliarApplication] INFO  o.e.m.c.i.embedder.EclipseLogger - Using 'UTF-8' encoding to copy filtered properties files.
2021-06-15 01:15:32,716 [Worker-40: Launching getingfamiliar - GetingfamiliarApplication] INFO  o.e.m.c.i.embedder.EclipseLogger - Copying 1 resource
2021-06-15 01:15:32,733 [Worker-40: Launching getingfamiliar - GetingfamiliarApplication] INFO  o.e.m.c.i.embedder.EclipseLogger - Copying 0 resource
2021-06-15 01:15:32,735 [Worker-40: Launching getingfamiliar - GetingfamiliarApplication] INFO  o.e.m.c.i.embedder.EclipseLogger - Using 'UTF-8' encoding to copy filtered resources.
2021-06-15 01:15:32,736 [Worker-40: Launching getingfamiliar - GetingfamiliarApplication] INFO  o.e.m.c.i.embedder.EclipseLogger - Using 'UTF-8' encoding to copy filtered properties files.
2021-06-15 01:15:32,736 [Worker-40: Launching getingfamiliar - GetingfamiliarApplication] INFO  o.e.m.c.i.embedder.EclipseLogger - skip non existing resourceDirectory C:\Users\BisanCo\Desktop\java\springAssi\Getingfamiliar\getingfamiliar\src\test\resources
2021-06-15 01:26:43,358 [Worker-40: Launching getingfamiliar - GetingfamiliarApplication] INFO  o.e.m.c.i.embedder.EclipseLogger - Using 'UTF-8' encoding to copy filtered resources.
2021-06-15 01:26:43,359 [Worker-40: Launching getingfamiliar - GetingfamiliarApplication] INFO  o.e.m.c.i.embedder.EclipseLogger - Using 'UTF-8' encoding to copy filtered properties files.
2021-06-15 01:26:43,360 [Worker-40: Launching getingfamiliar - GetingfamiliarApplication] INFO  o.e.m.c.i.embedder.EclipseLogger - Copying 1 resource
2021-06-15 01:26:43,372 [Worker-40: Launching getingfamiliar - GetingfamiliarApplication] INFO  o.e.m.c.i.embedder.EclipseLogger - Copying 0 resource
2021-06-15 01:26:43,374 [Worker-40: Launching getingfamiliar - GetingfamiliarApplication] INFO  o.e.m.c.i.embedder.EclipseLogger - Using 'UTF-8' encoding to copy filtered resources.
2021-06-15 01:26:43,374 [Worker-40: Launching getingfamiliar - GetingfamiliarApplication] INFO  o.e.m.c.i.embedder.EclipseLogger - Using 'UTF-8' encoding to copy filtered properties files.
2021-06-15 01:26:43,374 [Worker-40: Launching getingfamiliar - GetingfamiliarApplication] INFO  o.e.m.c.i.embedder.EclipseLogger - skip non existing resourceDirectory C:\Users\BisanCo\Desktop\java\springAssi\Getingfamiliar\getingfamiliar\src\test\resources
2021-06-15 01:27:37,223 [Worker-49: Launching getingfamiliar - GetingfamiliarApplication] INFO  o.e.m.c.i.embedder.EclipseLogger - Using 'UTF-8' encoding to copy filtered resources.
2021-06-15 01:27:37,223 [Worker-49: Launching getingfamiliar - GetingfamiliarApplication] INFO  o.e.m.c.i.embedder.EclipseLogger - Using 'UTF-8' encoding to copy filtered properties files.
2021-06-15 01:27:37,224 [Worker-49: Launching getingfamiliar - GetingfamiliarApplication] INFO  o.e.m.c.i.embedder.EclipseLogger - Copying 1 resource
2021-06-15 01:27:37,256 [Worker-49: Launching getingfamiliar - GetingfamiliarApplication] INFO  o.e.m.c.i.embedder.EclipseLogger - Copying 0 resource
2021-06-15 01:27:37,260 [Worker-49: Launching getingfamiliar - GetingfamiliarApplication] INFO  o.e.m.c.i.embedder.EclipseLogger - Using 'UTF-8' encoding to copy filtered resources.
2021-06-15 01:27:37,260 [Worker-49: Launching getingfamiliar - GetingfamiliarApplication] INFO  o.e.m.c.i.embedder.EclipseLogger - Using 'UTF-8' encoding to copy filtered properties files.
2021-06-15 01:27:37,261 [Worker-49: Launching getingfamiliar - GetingfamiliarApplication] INFO  o.e.m.c.i.embedder.EclipseLogger - skip non existing resourceDirectory C:\Users\BisanCo\Desktop\java\springAssi\Getingfamiliar\getingfamiliar\src\test\resources
2021-06-15 11:39:18,661 [Worker-1: Loading available Gradle versions] INFO  o.e.b.c.i.u.g.PublishedGradleVersions - Gradle version information cache is up-to-date. Trying to read.
2021-06-15 11:47:15,143 [Worker-2: Loading available Gradle versions] INFO  o.e.b.c.i.u.g.PublishedGradleVersions - Gradle version information cache is up-to-date. Trying to read.
2021-06-15 13:12:57,852 [Worker-11: Launching getingfamiliar - GetingfamiliarApplication] INFO  o.e.m.c.i.embedder.EclipseLogger - Using 'UTF-8' encoding to copy filtered resources.
2021-06-15 13:12:57,852 [Worker-11: Launching getingfamiliar - GetingfamiliarApplication] INFO  o.e.m.c.i.embedder.EclipseLogger - Using 'UTF-8' encoding to copy filtered properties files.
2021-06-15 13:12:57,858 [Worker-11: Launching getingfamiliar - GetingfamiliarApplication] INFO  o.e.m.c.i.embedder.EclipseLogger - Copying 1 resource
2021-06-15 13:12:57,877 [Worker-11: Launching getingfamiliar - GetingfamiliarApplication] INFO  o.e.m.c.i.embedder.EclipseLogger - Copying 0 resource
2021-06-15 13:12:57,883 [Worker-11: Launching getingfamiliar - GetingfamiliarApplication] INFO  o.e.m.c.i.embedder.EclipseLogger - Using 'UTF-8' encoding to copy filtered resources.
2021-06-15 13:12:57,883 [Worker-11: Launching getingfamiliar - GetingfamiliarApplication] INFO  o.e.m.c.i.embedder.EclipseLogger - Using 'UTF-8' encoding to copy filtered properties files.
2021-06-15 13:12:57,883 [Worker-11: Launching getingfamiliar - GetingfamiliarApplication] INFO  o.e.m.c.i.embedder.EclipseLogger - skip non existing resourceDirectory C:\Users\BisanCo\Desktop\java\springAssi\Getingfamiliar\getingfamiliar\src\test\resources
2021-06-15 14:06:25,079 [Worker-21: Launching getingfamiliar - GetingfamiliarApplication] INFO  o.e.m.c.i.embedder.EclipseLogger - Using 'UTF-8' encoding to copy filtered resources.
2021-06-15 14:06:25,080 [Worker-21: Launching getingfamiliar - GetingfamiliarApplication] INFO  o.e.m.c.i.embedder.EclipseLogger - Using 'UTF-8' encoding to copy filtered properties files.
2021-06-15 14:06:25,085 [Worker-21: Launching getingfamiliar - GetingfamiliarApplication] INFO  o.e.m.c.i.embedder.EclipseLogger - Copying 1 resource
2021-06-15 14:06:25,121 [Worker-21: Launching getingfamiliar - GetingfamiliarApplication] INFO  o.e.m.c.i.embedder.EclipseLogger - Copying 0 resource
2021-06-15 14:06:25,127 [Worker-21: Launching getingfamiliar - GetingfamiliarApplication] INFO  o.e.m.c.i.embedder.EclipseLogger - Using 'UTF-8' encoding to copy filtered resources.
2021-06-15 14:06:25,127 [Worker-21: Launching getingfamiliar - GetingfamiliarApplication] INFO  o.e.m.c.i.embedder.EclipseLogger - Using 'UTF-8' encoding to copy filtered properties files.
2021-06-15 14:06:25,127 [Worker-21: Launching getingfamiliar - GetingfamiliarApplication] INFO  o.e.m.c.i.embedder.EclipseLogger - skip non existing resourceDirectory C:\Users\BisanCo\Desktop\java\springAssi\Getingfamiliar\getingfamiliar\src\test\resources
2021-06-15 14:17:41,774 [Worker-21: Launching getingfamiliar - GetingfamiliarApplication] INFO  o.e.m.c.i.embedder.EclipseLogger - Using 'UTF-8' encoding to copy filtered resources.
2021-06-15 14:17:41,774 [Worker-21: Launching getingfamiliar - GetingfamiliarApplication] INFO  o.e.m.c.i.embedder.EclipseLogger - Using 'UTF-8' encoding to copy filtered properties files.
2021-06-15 14:17:41,776 [Worker-21: Launching getingfamiliar - GetingfamiliarApplication] INFO  o.e.m.c.i.embedder.EclipseLogger - Copying 1 resource
2021-06-15 14:17:41,794 [Worker-21: Launching getingfamiliar - GetingfamiliarApplication] INFO  o.e.m.c.i.embedder.EclipseLogger - Copying 0 resource
2021-06-15 14:17:41,798 [Worker-21: Launching getingfamiliar - GetingfamiliarApplication] INFO  o.e.m.c.i.embedder.EclipseLogger - Using 'UTF-8' encoding to copy filtered resources.
2021-06-15 14:17:41,799 [Worker-21: Launching getingfamiliar - GetingfamiliarApplication] INFO  o.e.m.c.i.embedder.EclipseLogger - Using 'UTF-8' encoding to copy filtered properties files.
2021-06-15 14:17:41,799 [Worker-21: Launching getingfamiliar - GetingfamiliarApplication] INFO  o.e.m.c.i.embedder.EclipseLogger - skip non existing resourceDirectory C:\Users\BisanCo\Desktop\java\springAssi\Getingfamiliar\getingfamiliar\src\test\resources
2021-06-15 14:49:06,164 [Worker-28: Launching getingfamiliar - GetingfamiliarApplication] INFO  o.e.m.c.i.embedder.EclipseLogger - Using 'UTF-8' encoding to copy filtered resources.
2021-06-15 14:49:06,165 [Worker-28: Launching getingfamiliar - GetingfamiliarApplication] INFO  o.e.m.c.i.embedder.EclipseLogger - Using 'UTF-8' encoding to copy filtered properties files.
2021-06-15 14:49:06,166 [Worker-28: Launching getingfamiliar - GetingfamiliarApplication] INFO  o.e.m.c.i.embedder.EclipseLogger - Copying 1 resource
2021-06-15 14:49:06,189 [Worker-28: Launching getingfamiliar - GetingfamiliarApplication] INFO  o.e.m.c.i.embedder.EclipseLogger - Copying 0 resource
2021-06-15 14:49:06,195 [Worker-28: Launching getingfamiliar - GetingfamiliarApplication] INFO  o.e.m.c.i.embedder.EclipseLogger - Using 'UTF-8' encoding to copy filtered resources.
2021-06-15 14:49:06,195 [Worker-28: Launching getingfamiliar - GetingfamiliarApplication] INFO  o.e.m.c.i.embedder.EclipseLogger - Using 'UTF-8' encoding to copy filtered properties files.
2021-06-15 14:49:06,195 [Worker-28: Launching getingfamiliar - GetingfamiliarApplication] INFO  o.e.m.c.i.embedder.EclipseLogger - skip non existing resourceDirectory C:\Users\BisanCo\Desktop\java\springAssi\Getingfamiliar\getingfamiliar\src\test\resources
2021-06-15 15:00:38,393 [Worker-40: Launching getingfamiliar - GetingfamiliarApplication] INFO  o.e.m.c.i.embedder.EclipseLogger - Using 'UTF-8' encoding to copy filtered resources.
2021-06-15 15:00:38,394 [Worker-40: Launching getingfamiliar - GetingfamiliarApplication] INFO  o.e.m.c.i.embedder.EclipseLogger - Using 'UTF-8' encoding to copy filtered properties files.
2021-06-15 15:00:38,395 [Worker-40: Launching getingfamiliar - GetingfamiliarApplication] INFO  o.e.m.c.i.embedder.EclipseLogger - Copying 1 resource
2021-06-15 15:00:38,435 [Worker-40: Launching getingfamiliar - GetingfamiliarApplication] INFO  o.e.m.c.i.embedder.EclipseLogger - Copying 0 resource
2021-06-15 15:00:38,441 [Worker-40: Launching getingfamiliar - GetingfamiliarApplication] INFO  o.e.m.c.i.embedder.EclipseLogger - Using 'UTF-8' encoding to copy filtered resources.
2021-06-15 15:00:38,441 [Worker-40: Launching getingfamiliar - GetingfamiliarApplication] INFO  o.e.m.c.i.embedder.EclipseLogger - Using 'UTF-8' encoding to copy filtered properties files.
2021-06-15 15:00:38,441 [Worker-40: Launching getingfamiliar - GetingfamiliarApplication] INFO  o.e.m.c.i.embedder.EclipseLogger - skip non existing resourceDirectory C:\Users\BisanCo\Desktop\java\springAssi\Getingfamiliar\getingfamiliar\src\test\resources
2021-06-15 15:03:01,782 [Worker-30: Launching getingfamiliar - GetingfamiliarApplication] INFO  o.e.m.c.i.embedder.EclipseLogger - Using 'UTF-8' encoding to copy filtered resources.
2021-06-15 15:03:01,783 [Worker-30: Launching getingfamiliar - GetingfamiliarApplication] INFO  o.e.m.c.i.embedder.EclipseLogger - Using 'UTF-8' encoding to copy filtered properties files.
2021-06-15 15:03:01,785 [Worker-30: Launching getingfamiliar - GetingfamiliarApplication] INFO  o.e.m.c.i.embedder.EclipseLogger - Copying 1 resource
2021-06-15 15:03:01,809 [Worker-30: Launching getingfamiliar - GetingfamiliarApplication] INFO  o.e.m.c.i.embedder.EclipseLogger - Copying 0 resource
2021-06-15 15:03:01,814 [Worker-30: Launching getingfamiliar - GetingfamiliarApplication] INFO  o.e.m.c.i.embedder.EclipseLogger - Using 'UTF-8' encoding to copy filtered resources.
2021-06-15 15:03:01,815 [Worker-30: Launching getingfamiliar - GetingfamiliarApplication] INFO  o.e.m.c.i.embedder.EclipseLogger - Using 'UTF-8' encoding to copy filtered properties files.
2021-06-15 15:03:01,815 [Worker-30: Launching getingfamiliar - GetingfamiliarApplication] INFO  o.e.m.c.i.embedder.EclipseLogger - skip non existing resourceDirectory C:\Users\BisanCo\Desktop\java\springAssi\Getingfamiliar\getingfamiliar\src\test\resources
2021-06-15 15:05:05,441 [Worker-48: Launching getingfamiliar - GetingfamiliarApplication] INFO  o.e.m.c.i.embedder.EclipseLogger - Using 'UTF-8' encoding to copy filtered resources.
2021-06-15 15:05:05,442 [Worker-48: Launching getingfamiliar - GetingfamiliarApplication] INFO  o.e.m.c.i.embedder.EclipseLogger - Using 'UTF-8' encoding to copy filtered properties files.
2021-06-15 15:05:05,443 [Worker-48: Launching getingfamiliar - GetingfamiliarApplication] INFO  o.e.m.c.i.embedder.EclipseLogger - Copying 1 resource
2021-06-15 15:05:05,460 [Worker-48: Launching getingfamiliar - GetingfamiliarApplication] INFO  o.e.m.c.i.embedder.EclipseLogger - Copying 0 resource
2021-06-15 15:05:05,465 [Worker-48: Launching getingfamiliar - GetingfamiliarApplication] INFO  o.e.m.c.i.embedder.EclipseLogger - Using 'UTF-8' encoding to copy filtered resources.
2021-06-15 15:05:05,465 [Worker-48: Launching getingfamiliar - GetingfamiliarApplication] INFO  o.e.m.c.i.embedder.EclipseLogger - Using 'UTF-8' encoding to copy filtered properties files.
2021-06-15 15:05:05,466 [Worker-48: Launching getingfamiliar - GetingfamiliarApplication] INFO  o.e.m.c.i.embedder.EclipseLogger - skip non existing resourceDirectory C:\Users\BisanCo\Desktop\java\springAssi\Getingfamiliar\getingfamiliar\src\test\resources
2021-06-15 15:08:01,621 [Worker-54: Launching getingfamiliar - GetingfamiliarApplication] INFO  o.e.m.c.i.embedder.EclipseLogger - Using 'UTF-8' encoding to copy filtered resources.
2021-06-15 15:08:01,622 [Worker-54: Launching getingfamiliar - GetingfamiliarApplication] INFO  o.e.m.c.i.embedder.EclipseLogger - Using 'UTF-8' encoding to copy filtered properties files.
2021-06-15 15:08:01,624 [Worker-54: Launching getingfamiliar - GetingfamiliarApplication] INFO  o.e.m.c.i.embedder.EclipseLogger - Copying 1 resource
2021-06-15 15:08:01,640 [Worker-54: Launching getingfamiliar - GetingfamiliarApplication] INFO  o.e.m.c.i.embedder.EclipseLogger - Copying 0 resource
2021-06-15 15:08:01,648 [Worker-54: Launching getingfamiliar - GetingfamiliarApplication] INFO  o.e.m.c.i.embedder.EclipseLogger - Using 'UTF-8' encoding to copy filtered resources.
2021-06-15 15:08:01,648 [Worker-54: Launching getingfamiliar - GetingfamiliarApplication] INFO  o.e.m.c.i.embedder.EclipseLogger - Using 'UTF-8' encoding to copy filtered properties files.
2021-06-15 15:08:01,648 [Worker-54: Launching getingfamiliar - GetingfamiliarApplication] INFO  o.e.m.c.i.embedder.EclipseLogger - skip non existing resourceDirectory C:\Users\BisanCo\Desktop\java\springAssi\Getingfamiliar\getingfamiliar\src\test\resources
2021-06-15 15:09:07,345 [Worker-53: Launching getingfamiliar - GetingfamiliarApplication] INFO  o.e.m.c.i.embedder.EclipseLogger - Using 'UTF-8' encoding to copy filtered resources.
2021-06-15 15:09:07,345 [Worker-53: Launching getingfamiliar - GetingfamiliarApplication] INFO  o.e.m.c.i.embedder.EclipseLogger - Using 'UTF-8' encoding to copy filtered properties files.
2021-06-15 15:09:07,347 [Worker-53: Launching getingfamiliar - GetingfamiliarApplication] INFO  o.e.m.c.i.embedder.EclipseLogger - Copying 1 resource
2021-06-15 15:09:07,373 [Worker-53: Launching getingfamiliar - GetingfamiliarApplication] INFO  o.e.m.c.i.embedder.EclipseLogger - Copying 0 resource
2021-06-15 15:09:07,377 [Worker-53: Launching getingfamiliar - GetingfamiliarApplication] INFO  o.e.m.c.i.embedder.EclipseLogger - Using 'UTF-8' encoding to copy filtered resources.
2021-06-15 15:09:07,377 [Worker-53: Launching getingfamiliar - GetingfamiliarApplication] INFO  o.e.m.c.i.embedder.EclipseLogger - Using 'UTF-8' encoding to copy filtered properties files.
2021-06-15 15:09:07,377 [Worker-53: Launching getingfamiliar - GetingfamiliarApplication] INFO  o.e.m.c.i.embedder.EclipseLogger - skip non existing resourceDirectory C:\Users\BisanCo\Desktop\java\springAssi\Getingfamiliar\getingfamiliar\src\test\resources
2021-06-15 15:10:57,547 [Worker-58: Building] INFO  o.e.m.c.i.embedder.EclipseLogger - Using 'UTF-8' encoding to copy filtered resources.
2021-06-15 15:10:57,548 [Worker-58: Building] INFO  o.e.m.c.i.embedder.EclipseLogger - Using 'UTF-8' encoding to copy filtered properties files.
2021-06-15 15:10:57,549 [Worker-58: Building] INFO  o.e.m.c.i.embedder.EclipseLogger - Copying 1 resource
2021-06-15 15:10:57,566 [Worker-58: Building] INFO  o.e.m.c.i.embedder.EclipseLogger - Copying 0 resource
2021-06-15 15:10:57,571 [Worker-58: Building] INFO  o.e.m.c.i.embedder.EclipseLogger - Using 'UTF-8' encoding to copy filtered resources.
2021-06-15 15:10:57,571 [Worker-58: Building] INFO  o.e.m.c.i.embedder.EclipseLogger - Using 'UTF-8' encoding to copy filtered properties files.
2021-06-15 15:10:57,571 [Worker-58: Building] INFO  o.e.m.c.i.embedder.EclipseLogger - skip non existing resourceDirectory C:\Users\BisanCo\Desktop\java\springAssi\Getingfamiliar\getingfamiliar\src\test\resources
2021-06-15 15:12:41,641 [Worker-48: Building] INFO  o.e.m.c.i.embedder.EclipseLogger - Using 'UTF-8' encoding to copy filtered resources.
2021-06-15 15:12:41,642 [Worker-48: Building] INFO  o.e.m.c.i.embedder.EclipseLogger - Using 'UTF-8' encoding to copy filtered properties files.
2021-06-15 15:12:41,646 [Worker-48: Building] INFO  o.e.m.c.i.embedder.EclipseLogger - Copying 1 resource
2021-06-15 15:12:41,685 [Worker-48: Building] INFO  o.e.m.c.i.embedder.EclipseLogger - Copying 0 resource
2021-06-15 15:12:41,696 [Worker-48: Building] INFO  o.e.m.c.i.embedder.EclipseLogger - Using 'UTF-8' encoding to copy filtered resources.
2021-06-15 15:12:41,697 [Worker-48: Building] INFO  o.e.m.c.i.embedder.EclipseLogger - Using 'UTF-8' encoding to copy filtered properties files.
2021-06-15 15:12:41,697 [Worker-48: Building] INFO  o.e.m.c.i.embedder.EclipseLogger - skip non existing resourceDirectory C:\Users\BisanCo\Desktop\java\springAssi\Getingfamiliar\getingfamiliar\src\test\resources
2021-06-15 15:13:51,933 [Worker-48: Building] INFO  o.e.m.c.i.embedder.EclipseLogger - Using 'UTF-8' encoding to copy filtered resources.
2021-06-15 15:13:51,934 [Worker-48: Building] INFO  o.e.m.c.i.embedder.EclipseLogger - Using 'UTF-8' encoding to copy filtered properties files.
2021-06-15 15:13:51,936 [Worker-48: Building] INFO  o.e.m.c.i.embedder.EclipseLogger - Copying 1 resource
2021-06-15 15:13:51,961 [Worker-48: Building] INFO  o.e.m.c.i.embedder.EclipseLogger - Copying 0 resource
2021-06-15 15:13:51,966 [Worker-48: Building] INFO  o.e.m.c.i.embedder.EclipseLogger - Using 'UTF-8' encoding to copy filtered resources.
2021-06-15 15:13:51,966 [Worker-48: Building] INFO  o.e.m.c.i.embedder.EclipseLogger - Using 'UTF-8' encoding to copy filtered properties files.
2021-06-15 15:13:51,966 [Worker-48: Building] INFO  o.e.m.c.i.embedder.EclipseLogger - skip non existing resourceDirectory C:\Users\BisanCo\Desktop\java\springAssi\Getingfamiliar\getingfamiliar\src\test\resources
2021-06-15 15:15:41,062 [Worker-64: Building] INFO  o.e.m.c.i.embedder.EclipseLogger - Using 'UTF-8' encoding to copy filtered resources.
2021-06-15 15:15:41,062 [Worker-64: Building] INFO  o.e.m.c.i.embedder.EclipseLogger - Using 'UTF-8' encoding to copy filtered properties files.
2021-06-15 15:15:41,064 [Worker-64: Building] INFO  o.e.m.c.i.embedder.EclipseLogger - Copying 1 resource
2021-06-15 15:15:41,079 [Worker-64: Building] INFO  o.e.m.c.i.embedder.EclipseLogger - Copying 0 resource
2021-06-15 15:15:41,082 [Worker-64: Building] INFO  o.e.m.c.i.embedder.EclipseLogger - Using 'UTF-8' encoding to copy filtered resources.
2021-06-15 15:15:41,082 [Worker-64: Building] INFO  o.e.m.c.i.embedder.EclipseLogger - Using 'UTF-8' encoding to copy filtered properties files.
2021-06-15 15:15:41,082 [Worker-64: Building] INFO  o.e.m.c.i.embedder.EclipseLogger - skip non existing resourceDirectory C:\Users\BisanCo\Desktop\java\springAssi\Getingfamiliar\getingfamiliar\src\test\resources
2021-06-15 15:17:30,616 [Worker-66: Launching getingfamiliar - GetingfamiliarApplication] INFO  o.e.m.c.i.embedder.EclipseLogger - Using 'UTF-8' encoding to copy filtered resources.
2021-06-15 15:17:30,617 [Worker-66: Launching getingfamiliar - GetingfamiliarApplication] INFO  o.e.m.c.i.embedder.EclipseLogger - Using 'UTF-8' encoding to copy filtered properties files.
2021-06-15 15:17:30,618 [Worker-66: Launching getingfamiliar - GetingfamiliarApplication] INFO  o.e.m.c.i.embedder.EclipseLogger - Copying 1 resource
2021-06-15 15:17:30,638 [Worker-66: Launching getingfamiliar - GetingfamiliarApplication] INFO  o.e.m.c.i.embedder.EclipseLogger - Copying 0 resource
2021-06-15 15:17:30,644 [Worker-66: Launching getingfamiliar - GetingfamiliarApplication] INFO  o.e.m.c.i.embedder.EclipseLogger - Using 'UTF-8' encoding to copy filtered resources.
2021-06-15 15:17:30,644 [Worker-66: Launching getingfamiliar - GetingfamiliarApplication] INFO  o.e.m.c.i.embedder.EclipseLogger - Using 'UTF-8' encoding to copy filtered properties files.
2021-06-15 15:17:30,645 [Worker-66: Launching getingfamiliar - GetingfamiliarApplication] INFO  o.e.m.c.i.embedder.EclipseLogger - skip non existing resourceDirectory C:\Users\BisanCo\Desktop\java\springAssi\Getingfamiliar\getingfamiliar\src\test\resources
2021-06-15 15:25:09,679 [Worker-71: Launching getingfamiliar - GetingfamiliarApplication] INFO  o.e.m.c.i.embedder.EclipseLogger - Using 'UTF-8' encoding to copy filtered resources.
2021-06-15 15:25:09,681 [Worker-71: Launching getingfamiliar - GetingfamiliarApplication] INFO  o.e.m.c.i.embedder.EclipseLogger - Using 'UTF-8' encoding to copy filtered properties files.
2021-06-15 15:25:09,685 [Worker-71: Launching getingfamiliar - GetingfamiliarApplication] INFO  o.e.m.c.i.embedder.EclipseLogger - Copying 1 resource
2021-06-15 15:25:09,724 [Worker-71: Launching getingfamiliar - GetingfamiliarApplication] INFO  o.e.m.c.i.embedder.EclipseLogger - Copying 0 resource
2021-06-15 15:25:09,728 [Worker-71: Launching getingfamiliar - GetingfamiliarApplication] INFO  o.e.m.c.i.embedder.EclipseLogger - Using 'UTF-8' encoding to copy filtered resources.
2021-06-15 15:25:09,729 [Worker-71: Launching getingfamiliar - GetingfamiliarApplication] INFO  o.e.m.c.i.embedder.EclipseLogger - Using 'UTF-8' encoding to copy filtered properties files.
2021-06-15 15:25:09,729 [Worker-71: Launching getingfamiliar - GetingfamiliarApplication] INFO  o.e.m.c.i.embedder.EclipseLogger - skip non existing resourceDirectory C:\Users\BisanCo\Desktop\java\springAssi\Getingfamiliar\getingfamiliar\src\test\resources
2021-06-15 15:29:57,672 [Worker-71: Launching getingfamiliar - GetingfamiliarApplication] INFO  o.e.m.c.i.embedder.EclipseLogger - Using 'UTF-8' encoding to copy filtered resources.
2021-06-15 15:29:57,673 [Worker-71: Launching getingfamiliar - GetingfamiliarApplication] INFO  o.e.m.c.i.embedder.EclipseLogger - Using 'UTF-8' encoding to copy filtered properties files.
2021-06-15 15:29:57,676 [Worker-71: Launching getingfamiliar - GetingfamiliarApplication] INFO  o.e.m.c.i.embedder.EclipseLogger - Copying 1 resource
2021-06-15 15:29:57,714 [Worker-71: Launching getingfamiliar - GetingfamiliarApplication] INFO  o.e.m.c.i.embedder.EclipseLogger - Copying 0 resource
2021-06-15 15:29:57,726 [Worker-71: Launching getingfamiliar - GetingfamiliarApplication] INFO  o.e.m.c.i.embedder.EclipseLogger - Using 'UTF-8' encoding to copy filtered resources.
2021-06-15 15:29:57,726 [Worker-71: Launching getingfamiliar - GetingfamiliarApplication] INFO  o.e.m.c.i.embedder.EclipseLogger - Using 'UTF-8' encoding to copy filtered properties files.
2021-06-15 15:29:57,728 [Worker-71: Launching getingfamiliar - GetingfamiliarApplication] INFO  o.e.m.c.i.embedder.EclipseLogger - skip non existing resourceDirectory C:\Users\BisanCo\Desktop\java\springAssi\Getingfamiliar\getingfamiliar\src\test\resources
2021-06-15 15:30:40,733 [Worker-73: Launching getingfamiliar - GetingfamiliarApplication] INFO  o.e.m.c.i.embedder.EclipseLogger - Using 'UTF-8' encoding to copy filtered resources.
2021-06-15 15:30:40,734 [Worker-73: Launching getingfamiliar - GetingfamiliarApplication] INFO  o.e.m.c.i.embedder.EclipseLogger - Using 'UTF-8' encoding to copy filtered properties files.
2021-06-15 15:30:40,738 [Worker-73: Launching getingfamiliar - GetingfamiliarApplication] INFO  o.e.m.c.i.embedder.EclipseLogger - Copying 1 resource
2021-06-15 15:30:40,789 [Worker-73: Launching getingfamiliar - GetingfamiliarApplication] INFO  o.e.m.c.i.embedder.EclipseLogger - Copying 0 resource
2021-06-15 15:30:40,798 [Worker-73: Launching getingfamiliar - GetingfamiliarApplication] INFO  o.e.m.c.i.embedder.EclipseLogger - Using 'UTF-8' encoding to copy filtered resources.
2021-06-15 15:30:40,798 [Worker-73: Launching getingfamiliar - GetingfamiliarApplication] INFO  o.e.m.c.i.embedder.EclipseLogger - Using 'UTF-8' encoding to copy filtered properties files.
2021-06-15 15:30:40,798 [Worker-73: Launching getingfamiliar - GetingfamiliarApplication] INFO  o.e.m.c.i.embedder.EclipseLogger - skip non existing resourceDirectory C:\Users\BisanCo\Desktop\java\springAssi\Getingfamiliar\getingfamiliar\src\test\resources
2021-06-15 15:33:50,053 [Worker-73: Launching getingfamiliar - GetingfamiliarApplication] INFO  o.e.m.c.i.embedder.EclipseLogger - Using 'UTF-8' encoding to copy filtered resources.
2021-06-15 15:33:50,054 [Worker-73: Launching getingfamiliar - GetingfamiliarApplication] INFO  o.e.m.c.i.embedder.EclipseLogger - Using 'UTF-8' encoding to copy filtered properties files.
2021-06-15 15:33:50,056 [Worker-73: Launching getingfamiliar - GetingfamiliarApplication] INFO  o.e.m.c.i.embedder.EclipseLogger - Copying 1 resource
2021-06-15 15:33:50,074 [Worker-73: Launching getingfamiliar - GetingfamiliarApplication] INFO  o.e.m.c.i.embedder.EclipseLogger - Copying 0 resource
2021-06-15 15:33:50,078 [Worker-73: Launching getingfamiliar - GetingfamiliarApplication] INFO  o.e.m.c.i.embedder.EclipseLogger - Using 'UTF-8' encoding to copy filtered resources.
2021-06-15 15:33:50,078 [Worker-73: Launching getingfamiliar - GetingfamiliarApplication] INFO  o.e.m.c.i.embedder.EclipseLogger - Using 'UTF-8' encoding to copy filtered properties files.
2021-06-15 15:33:50,078 [Worker-73: Launching getingfamiliar - GetingfamiliarApplication] INFO  o.e.m.c.i.embedder.EclipseLogger - skip non existing resourceDirectory C:\Users\BisanCo\Desktop\java\springAssi\Getingfamiliar\getingfamiliar\src\test\resources
2021-06-15 15:41:01,103 [Worker-83: Launching getingfamiliar - GetingfamiliarApplication] INFO  o.e.m.c.i.embedder.EclipseLogger - Using 'UTF-8' encoding to copy filtered resources.
2021-06-15 15:41:01,104 [Worker-83: Launching getingfamiliar - GetingfamiliarApplication] INFO  o.e.m.c.i.embedder.EclipseLogger - Using 'UTF-8' encoding to copy filtered properties files.
2021-06-15 15:41:01,105 [Worker-83: Launching getingfamiliar - GetingfamiliarApplication] INFO  o.e.m.c.i.embedder.EclipseLogger - Copying 1 resource
2021-06-15 15:41:01,128 [Worker-83: Launching getingfamiliar - GetingfamiliarApplication] INFO  o.e.m.c.i.embedder.EclipseLogger - Copying 0 resource
2021-06-15 15:41:01,132 [Worker-83: Launching getingfamiliar - GetingfamiliarApplication] INFO  o.e.m.c.i.embedder.EclipseLogger - Using 'UTF-8' encoding to copy filtered resources.
2021-06-15 15:41:01,132 [Worker-83: Launching getingfamiliar - GetingfamiliarApplication] INFO  o.e.m.c.i.embedder.EclipseLogger - Using 'UTF-8' encoding to copy filtered properties files.
2021-06-15 15:41:01,132 [Worker-83: Launching getingfamiliar - GetingfamiliarApplication] INFO  o.e.m.c.i.embedder.EclipseLogger - skip non existing resourceDirectory C:\Users\BisanCo\Desktop\java\springAssi\Getingfamiliar\getingfamiliar\src\test\resources
2021-06-15 15:43:57,220 [Worker-86: Launching getingfamiliar - GetingfamiliarApplication] INFO  o.e.m.c.i.embedder.EclipseLogger - Using 'UTF-8' encoding to copy filtered resources.
2021-06-15 15:43:57,221 [Worker-86: Launching getingfamiliar - GetingfamiliarApplication] INFO  o.e.m.c.i.embedder.EclipseLogger - Using 'UTF-8' encoding to copy filtered properties files.
2021-06-15 15:43:57,224 [Worker-86: Launching getingfamiliar - GetingfamiliarApplication] INFO  o.e.m.c.i.embedder.EclipseLogger - Copying 1 resource
2021-06-15 15:43:57,240 [Worker-86: Launching getingfamiliar - GetingfamiliarApplication] INFO  o.e.m.c.i.embedder.EclipseLogger - Copying 0 resource
2021-06-15 15:43:57,242 [Worker-86: Launching getingfamiliar - GetingfamiliarApplication] INFO  o.e.m.c.i.embedder.EclipseLogger - Using 'UTF-8' encoding to copy filtered resources.
2021-06-15 15:43:57,242 [Worker-86: Launching getingfamiliar - GetingfamiliarApplication] INFO  o.e.m.c.i.embedder.EclipseLogger - Using 'UTF-8' encoding to copy filtered properties files.
2021-06-15 15:43:57,243 [Worker-86: Launching getingfamiliar - GetingfamiliarApplication] INFO  o.e.m.c.i.embedder.EclipseLogger - skip non existing resourceDirectory C:\Users\BisanCo\Desktop\java\springAssi\Getingfamiliar\getingfamiliar\src\test\resources
2021-06-15 15:45:22,027 [Worker-78: Launching getingfamiliar - GetingfamiliarApplication] INFO  o.e.m.c.i.embedder.EclipseLogger - Using 'UTF-8' encoding to copy filtered resources.
2021-06-15 15:45:22,028 [Worker-78: Launching getingfamiliar - GetingfamiliarApplication] INFO  o.e.m.c.i.embedder.EclipseLogger - Using 'UTF-8' encoding to copy filtered properties files.
2021-06-15 15:45:22,028 [Worker-78: Launching getingfamiliar - GetingfamiliarApplication] INFO  o.e.m.c.i.embedder.EclipseLogger - Copying 1 resource
2021-06-15 15:45:22,044 [Worker-78: Launching getingfamiliar - GetingfamiliarApplication] INFO  o.e.m.c.i.embedder.EclipseLogger - Copying 0 resource
2021-06-15 15:45:22,047 [Worker-78: Launching getingfamiliar - GetingfamiliarApplication] INFO  o.e.m.c.i.embedder.EclipseLogger - Using 'UTF-8' encoding to copy filtered resources.
2021-06-15 15:45:22,047 [Worker-78: Launching getingfamiliar - GetingfamiliarApplication] INFO  o.e.m.c.i.embedder.EclipseLogger - Using 'UTF-8' encoding to copy filtered properties files.
2021-06-15 15:45:22,047 [Worker-78: Launching getingfamiliar - GetingfamiliarApplication] INFO  o.e.m.c.i.embedder.EclipseLogger - skip non existing resourceDirectory C:\Users\BisanCo\Desktop\java\springAssi\Getingfamiliar\getingfamiliar\src\test\resources
2021-06-15 16:16:55,236 [Worker-91: Building] INFO  o.e.m.c.i.embedder.EclipseLogger - Using 'UTF-8' encoding to copy filtered resources.
2021-06-15 16:16:55,236 [Worker-91: Building] INFO  o.e.m.c.i.embedder.EclipseLogger - Using 'UTF-8' encoding to copy filtered properties files.
2021-06-15 16:16:55,237 [Worker-91: Building] INFO  o.e.m.c.i.embedder.EclipseLogger - Copying 1 resource
2021-06-15 16:16:55,262 [Worker-91: Building] INFO  o.e.m.c.i.embedder.EclipseLogger - Copying 0 resource
2021-06-15 16:16:55,265 [Worker-91: Building] INFO  o.e.m.c.i.embedder.EclipseLogger - Using 'UTF-8' encoding to copy filtered resources.
2021-06-15 16:16:55,265 [Worker-91: Building] INFO  o.e.m.c.i.embedder.EclipseLogger - Using 'UTF-8' encoding to copy filtered properties files.
2021-06-15 16:16:55,265 [Worker-91: Building] INFO  o.e.m.c.i.embedder.EclipseLogger - skip non existing resourceDirectory C:\Users\BisanCo\Desktop\java\springAssi\Getingfamiliar\getingfamiliar\src\test\resources
